[0.405s] Invoking command in '/home/boz/MEng-project-9-2023/simulation/urdf2/final_description': PYTHONPATH=/home/boz/MEng-project-9-2023/simulation/urdf2/build/final_description/prefix_override:/home/boz/MEng-project-9-2023/simulation/urdf2/install/final_description/lib/python3.10/site-packages:${PYTHONPATH} /usr/bin/python3 -W ignore:setup.py install is deprecated setup.py egg_info --egg-base ../build/final_description build --build-base /home/boz/MEng-project-9-2023/simulation/urdf2/build/final_description/build install --record /home/boz/MEng-project-9-2023/simulation/urdf2/build/final_description/install.log --single-version-externally-managed install_data
[0.564s] running egg_info
[0.564s] writing ../build/final_description/final_description.egg-info/PKG-INFO
[0.564s] writing dependency_links to ../build/final_description/final_description.egg-info/dependency_links.txt
[0.564s] writing entry points to ../build/final_description/final_description.egg-info/entry_points.txt
[0.565s] writing requirements to ../build/final_description/final_description.egg-info/requires.txt
[0.565s] writing top-level names to ../build/final_description/final_description.egg-info/top_level.txt
[0.566s] reading manifest file '../build/final_description/final_description.egg-info/SOURCES.txt'
[0.567s] writing manifest file '../build/final_description/final_description.egg-info/SOURCES.txt'
[0.567s] running build
[0.567s] running build_py
[0.567s] running install
[0.567s] running install_lib
[0.568s] running install_data
[0.568s] running install_egg_info
[0.569s] removing '/home/boz/MEng-project-9-2023/simulation/urdf2/install/final_description/lib/python3.10/site-packages/final_description-0.0.0-py3.10.egg-info' (and everything under it)
[0.569s] Copying ../build/final_description/final_description.egg-info to /home/boz/MEng-project-9-2023/simulation/urdf2/install/final_description/lib/python3.10/site-packages/final_description-0.0.0-py3.10.egg-info
[0.570s] running install_scripts
[0.583s] writing list of installed files to '/home/boz/MEng-project-9-2023/simulation/urdf2/build/final_description/install.log'
[0.598s] Invoked command in '/home/boz/MEng-project-9-2023/simulation/urdf2/final_description' returned '0': PYTHONPATH=/home/boz/MEng-project-9-2023/simulation/urdf2/build/final_description/prefix_override:/home/boz/MEng-project-9-2023/simulation/urdf2/install/final_description/lib/python3.10/site-packages:${PYTHONPATH} /usr/bin/python3 -W ignore:setup.py install is deprecated setup.py egg_info --egg-base ../build/final_description build --build-base /home/boz/MEng-project-9-2023/simulation/urdf2/build/final_description/build install --record /home/boz/MEng-project-9-2023/simulation/urdf2/build/final_description/install.log --single-version-externally-managed install_data
