[0.005s] Invoking command in '/home/boz/MEng-project-9-2023/simulation/urdf2/build/movement': AMENT_PREFIX_PATH=/home/boz/MEng-project-9-2023/simulation/urdf2/install/final_description:${AMENT_PREFIX_PATH} CMAKE_PREFIX_PATH=/opt/ros/humble PYTHONPATH=/home/boz/MEng-project-9-2023/simulation/urdf2/install/final_description/lib/python3.10/site-packages:${PYTHONPATH} /usr/bin/cmake /home/boz/MEng-project-9-2023/simulation/urdf2/movement -DCMAKE_INSTALL_PREFIX=/home/boz/MEng-project-9-2023/simulation/urdf2/install/movement
[0.085s] -- The C compiler identification is GNU 11.4.0
[0.161s] -- The CXX compiler identification is GNU 11.4.0
[0.166s] -- Detecting C compiler ABI info
[0.235s] -- Detecting C compiler ABI info - done
[0.241s] -- Check for working C compiler: /usr/bin/cc - skipped
[0.241s] -- Detecting C compile features
[0.241s] -- Detecting C compile features - done
[0.243s] -- Detecting CXX compiler ABI info
[0.305s] -- Detecting CXX compiler ABI info - done
[0.310s] -- Check for working CXX compiler: /usr/bin/c++ - skipped
[0.310s] -- Detecting CXX compile features
[0.310s] -- Detecting CXX compile features - done
[0.313s] -- Found ament_cmake: 1.3.8 (/opt/ros/humble/share/ament_cmake/cmake)
[0.414s] -- Found Python3: /usr/bin/python3 (found version "3.10.12") found components: Interpreter 
[0.529s] -- Configuring done
[0.531s] -- Generating done
[0.531s] -- Build files have been written to: /home/boz/MEng-project-9-2023/simulation/urdf2/build/movement
[0.534s] Invoked command in '/home/boz/MEng-project-9-2023/simulation/urdf2/build/movement' returned '0': AMENT_PREFIX_PATH=/home/boz/MEng-project-9-2023/simulation/urdf2/install/final_description:${AMENT_PREFIX_PATH} CMAKE_PREFIX_PATH=/opt/ros/humble PYTHONPATH=/home/boz/MEng-project-9-2023/simulation/urdf2/install/final_description/lib/python3.10/site-packages:${PYTHONPATH} /usr/bin/cmake /home/boz/MEng-project-9-2023/simulation/urdf2/movement -DCMAKE_INSTALL_PREFIX=/home/boz/MEng-project-9-2023/simulation/urdf2/install/movement
[0.535s] Invoking command in '/home/boz/MEng-project-9-2023/simulation/urdf2/build/movement': AMENT_PREFIX_PATH=/home/boz/MEng-project-9-2023/simulation/urdf2/install/final_description:${AMENT_PREFIX_PATH} CMAKE_PREFIX_PATH=/opt/ros/humble PYTHONPATH=/home/boz/MEng-project-9-2023/simulation/urdf2/install/final_description/lib/python3.10/site-packages:${PYTHONPATH} /usr/bin/cmake --build /home/boz/MEng-project-9-2023/simulation/urdf2/build/movement -- -j32 -l32
[0.558s] Invoked command in '/home/boz/MEng-project-9-2023/simulation/urdf2/build/movement' returned '0': AMENT_PREFIX_PATH=/home/boz/MEng-project-9-2023/simulation/urdf2/install/final_description:${AMENT_PREFIX_PATH} CMAKE_PREFIX_PATH=/opt/ros/humble PYTHONPATH=/home/boz/MEng-project-9-2023/simulation/urdf2/install/final_description/lib/python3.10/site-packages:${PYTHONPATH} /usr/bin/cmake --build /home/boz/MEng-project-9-2023/simulation/urdf2/build/movement -- -j32 -l32
[0.581s] Invoking command in '/home/boz/MEng-project-9-2023/simulation/urdf2/build/movement': AMENT_PREFIX_PATH=/home/boz/MEng-project-9-2023/simulation/urdf2/install/final_description:${AMENT_PREFIX_PATH} CMAKE_PREFIX_PATH=/opt/ros/humble PYTHONPATH=/home/boz/MEng-project-9-2023/simulation/urdf2/install/final_description/lib/python3.10/site-packages:${PYTHONPATH} /usr/bin/cmake --install /home/boz/MEng-project-9-2023/simulation/urdf2/build/movement
[0.586s] -- Install configuration: ""
[0.586s] -- Installing: /home/boz/MEng-project-9-2023/simulation/urdf2/install/movement/share/ament_index/resource_index/package_run_dependencies/movement
[0.586s] -- Installing: /home/boz/MEng-project-9-2023/simulation/urdf2/install/movement/share/ament_index/resource_index/parent_prefix_path/movement
[0.586s] -- Installing: /home/boz/MEng-project-9-2023/simulation/urdf2/install/movement/share/movement/environment/ament_prefix_path.sh
[0.586s] -- Installing: /home/boz/MEng-project-9-2023/simulation/urdf2/install/movement/share/movement/environment/ament_prefix_path.dsv
[0.586s] -- Installing: /home/boz/MEng-project-9-2023/simulation/urdf2/install/movement/share/movement/environment/path.sh
[0.586s] -- Installing: /home/boz/MEng-project-9-2023/simulation/urdf2/install/movement/share/movement/environment/path.dsv
[0.586s] -- Installing: /home/boz/MEng-project-9-2023/simulation/urdf2/install/movement/share/movement/local_setup.bash
[0.586s] -- Installing: /home/boz/MEng-project-9-2023/simulation/urdf2/install/movement/share/movement/local_setup.sh
[0.587s] -- Installing: /home/boz/MEng-project-9-2023/simulation/urdf2/install/movement/share/movement/local_setup.zsh
[0.587s] -- Installing: /home/boz/MEng-project-9-2023/simulation/urdf2/install/movement/share/movement/local_setup.dsv
[0.587s] -- Installing: /home/boz/MEng-project-9-2023/simulation/urdf2/install/movement/share/movement/package.dsv
[0.587s] -- Installing: /home/boz/MEng-project-9-2023/simulation/urdf2/install/movement/share/ament_index/resource_index/packages/movement
[0.587s] -- Installing: /home/boz/MEng-project-9-2023/simulation/urdf2/install/movement/share/movement/cmake/movementConfig.cmake
[0.587s] -- Installing: /home/boz/MEng-project-9-2023/simulation/urdf2/install/movement/share/movement/cmake/movementConfig-version.cmake
[0.587s] -- Installing: /home/boz/MEng-project-9-2023/simulation/urdf2/install/movement/share/movement/package.xml
[0.587s] -- Installing: /home/boz/MEng-project-9-2023/simulation/urdf2/install/movement/share/final_description/worlds
[0.587s] -- Installing: /home/boz/MEng-project-9-2023/simulation/urdf2/install/movement/share/final_description/worlds/test_world.world
[0.587s] -- Installing: /home/boz/MEng-project-9-2023/simulation/urdf2/install/movement/share/final_description/worlds/meshes
[0.587s] -- Installing: /home/boz/MEng-project-9-2023/simulation/urdf2/install/movement/share/final_description/worlds/meshes/test_rig_v3.obj
[0.589s] -- Installing: /home/boz/MEng-project-9-2023/simulation/urdf2/install/movement/share/final_description/worlds/meshes/test_rig_flange.dae
[0.590s] -- Installing: /home/boz/MEng-project-9-2023/simulation/urdf2/install/movement/share/final_description/worlds/meshes/vertical.dae
[0.594s] -- Installing: /home/boz/MEng-project-9-2023/simulation/urdf2/install/movement/share/movement/launch
[0.594s] -- Installing: /home/boz/MEng-project-9-2023/simulation/urdf2/install/movement/share/movement/launch/demo.launch.py
[0.594s] -- Installing: /home/boz/MEng-project-9-2023/simulation/urdf2/install/movement/share/movement/launch/move_group.launch.py
[0.594s] -- Installing: /home/boz/MEng-project-9-2023/simulation/urdf2/install/movement/share/movement/launch/moveit_rviz.launch.py
[0.594s] -- Installing: /home/boz/MEng-project-9-2023/simulation/urdf2/install/movement/share/movement/launch/warehouse_db.launch.py
[0.594s] -- Installing: /home/boz/MEng-project-9-2023/simulation/urdf2/install/movement/share/movement/launch/gazebo.launch.py
[0.594s] -- Installing: /home/boz/MEng-project-9-2023/simulation/urdf2/install/movement/share/movement/launch/setup_assistant.launch.py
[0.594s] -- Installing: /home/boz/MEng-project-9-2023/simulation/urdf2/install/movement/share/movement/launch/rsp.launch.py
[0.594s] -- Installing: /home/boz/MEng-project-9-2023/simulation/urdf2/install/movement/share/movement/launch/spawn_controllers.launch.py
[0.594s] -- Installing: /home/boz/MEng-project-9-2023/simulation/urdf2/install/movement/share/movement/launch/static_virtual_joint_tfs.launch.py
[0.594s] -- Installing: /home/boz/MEng-project-9-2023/simulation/urdf2/install/movement/share/movement/config
[0.594s] -- Installing: /home/boz/MEng-project-9-2023/simulation/urdf2/install/movement/share/movement/config/final.urdf.xacro
[0.595s] -- Installing: /home/boz/MEng-project-9-2023/simulation/urdf2/install/movement/share/movement/config/final.srdf
[0.595s] -- Installing: /home/boz/MEng-project-9-2023/simulation/urdf2/install/movement/share/movement/config/joint_limits.yaml
[0.595s] -- Installing: /home/boz/MEng-project-9-2023/simulation/urdf2/install/movement/share/movement/config/kinematics.yaml
[0.595s] -- Installing: /home/boz/MEng-project-9-2023/simulation/urdf2/install/movement/share/movement/config/moveit.rviz
[0.596s] -- Installing: /home/boz/MEng-project-9-2023/simulation/urdf2/install/movement/share/movement/config/final.ros2_control.xacro
[0.596s] -- Installing: /home/boz/MEng-project-9-2023/simulation/urdf2/install/movement/share/movement/config/initial_positions.yaml
[0.596s] -- Installing: /home/boz/MEng-project-9-2023/simulation/urdf2/install/movement/share/movement/config/moveit_controllers.yaml
[0.596s] -- Installing: /home/boz/MEng-project-9-2023/simulation/urdf2/install/movement/share/movement/config/pilz_cartesian_limits.yaml
[0.596s] -- Installing: /home/boz/MEng-project-9-2023/simulation/urdf2/install/movement/share/movement/config/ros2_controllers.yaml
[0.596s] -- Installing: /home/boz/MEng-project-9-2023/simulation/urdf2/install/movement/share/movement/.setup_assistant
[0.599s] Invoked command in '/home/boz/MEng-project-9-2023/simulation/urdf2/build/movement' returned '0': AMENT_PREFIX_PATH=/home/boz/MEng-project-9-2023/simulation/urdf2/install/final_description:${AMENT_PREFIX_PATH} CMAKE_PREFIX_PATH=/opt/ros/humble PYTHONPATH=/home/boz/MEng-project-9-2023/simulation/urdf2/install/final_description/lib/python3.10/site-packages:${PYTHONPATH} /usr/bin/cmake --install /home/boz/MEng-project-9-2023/simulation/urdf2/build/movement
