[0.073s] DEBUG:colcon:Command line arguments: ['/usr/bin/colcon', 'build']
[0.074s] DEBUG:colcon:Parsed command line arguments: Namespace(log_base=None, log_level=None, verb_name='build', build_base='build', install_base='install', merge_install=False, symlink_install=False, test_result_base=None, continue_on_error=False, executor='parallel', parallel_workers=32, event_handlers=None, ignore_user_meta=False, metas=['./colcon.meta'], base_paths=['.'], packages_ignore=None, packages_ignore_regex=None, paths=None, packages_up_to=None, packages_up_to_regex=None, packages_above=None, packages_above_and_dependencies=None, packages_above_depth=None, packages_select_by_dep=None, packages_skip_by_dep=None, packages_skip_up_to=None, packages_select_build_failed=False, packages_skip_build_finished=False, packages_select_test_failures=False, packages_skip_test_passed=False, packages_select=None, packages_skip=None, packages_select_regex=None, packages_skip_regex=None, packages_start=None, packages_end=None, allow_overriding=[], cmake_args=None, cmake_target=None, cmake_target_skip_unavailable=False, cmake_clean_cache=False, cmake_clean_first=False, cmake_force_configure=False, ament_cmake_args=None, catkin_cmake_args=None, catkin_skip_building_tests=False, mixin_files=None, mixin=None, verb_parser=<colcon_mixin.mixin.mixin_argument.MixinArgumentDecorator object at 0x7edd79a5cac0>, verb_extension=<colcon_core.verb.build.BuildVerb object at 0x7edd79b89b10>, main=<bound method BuildVerb.main of <colcon_core.verb.build.BuildVerb object at 0x7edd79b89b10>>, mixin_verb=('build',))
[0.184s] Level 1:colcon.colcon_core.package_discovery:discover_packages(colcon_meta) check parameters
[0.184s] Level 1:colcon.colcon_core.package_discovery:discover_packages(recursive) check parameters
[0.184s] Level 1:colcon.colcon_core.package_discovery:discover_packages(ignore) check parameters
[0.184s] Level 1:colcon.colcon_core.package_discovery:discover_packages(path) check parameters
[0.184s] Level 1:colcon.colcon_core.package_discovery:discover_packages(colcon_meta) discover
[0.184s] Level 1:colcon.colcon_core.package_discovery:discover_packages(recursive) discover
[0.184s] INFO:colcon.colcon_core.package_discovery:Crawling recursively for packages in '/home/boz/MEng-project-9-2023/simulation/urdf2'
[0.184s] Level 1:colcon.colcon_core.package_identification:_identify(.) by extensions ['ignore', 'ignore_ament_install']
[0.185s] Level 1:colcon.colcon_core.package_identification:_identify(.) by extension 'ignore'
[0.185s] Level 1:colcon.colcon_core.package_identification:_identify(.) by extension 'ignore_ament_install'
[0.185s] Level 1:colcon.colcon_core.package_identification:_identify(.) by extensions ['colcon_pkg']
[0.185s] Level 1:colcon.colcon_core.package_identification:_identify(.) by extension 'colcon_pkg'
[0.185s] Level 1:colcon.colcon_core.package_identification:_identify(.) by extensions ['colcon_meta']
[0.185s] Level 1:colcon.colcon_core.package_identification:_identify(.) by extension 'colcon_meta'
[0.185s] Level 1:colcon.colcon_core.package_identification:_identify(.) by extensions ['ros']
[0.185s] Level 1:colcon.colcon_core.package_identification:_identify(.) by extension 'ros'
[0.192s] Level 1:colcon.colcon_core.package_identification:_identify(.) by extensions ['cmake', 'python']
[0.192s] Level 1:colcon.colcon_core.package_identification:_identify(.) by extension 'cmake'
[0.192s] Level 1:colcon.colcon_core.package_identification:_identify(.) by extension 'python'
[0.192s] Level 1:colcon.colcon_core.package_identification:_identify(.) by extensions ['python_setup_py']
[0.192s] Level 1:colcon.colcon_core.package_identification:_identify(.) by extension 'python_setup_py'
[0.192s] Level 1:colcon.colcon_core.package_identification:_identify(build) by extensions ['ignore', 'ignore_ament_install']
[0.192s] Level 1:colcon.colcon_core.package_identification:_identify(build) by extension 'ignore'
[0.192s] Level 1:colcon.colcon_core.package_identification:_identify(build) ignored
[0.192s] Level 1:colcon.colcon_core.package_identification:_identify(final_description) by extensions ['ignore', 'ignore_ament_install']
[0.192s] Level 1:colcon.colcon_core.package_identification:_identify(final_description) by extension 'ignore'
[0.192s] Level 1:colcon.colcon_core.package_identification:_identify(final_description) by extension 'ignore_ament_install'
[0.193s] Level 1:colcon.colcon_core.package_identification:_identify(final_description) by extensions ['colcon_pkg']
[0.193s] Level 1:colcon.colcon_core.package_identification:_identify(final_description) by extension 'colcon_pkg'
[0.193s] Level 1:colcon.colcon_core.package_identification:_identify(final_description) by extensions ['colcon_meta']
[0.193s] Level 1:colcon.colcon_core.package_identification:_identify(final_description) by extension 'colcon_meta'
[0.193s] Level 1:colcon.colcon_core.package_identification:_identify(final_description) by extensions ['ros']
[0.193s] Level 1:colcon.colcon_core.package_identification:_identify(final_description) by extension 'ros'
[0.199s] DEBUG:colcon.colcon_core.package_identification:Package 'final_description' with type 'ros.ament_python' and name 'final_description'
[0.199s] Level 1:colcon.colcon_core.package_identification:_identify(install) by extensions ['ignore', 'ignore_ament_install']
[0.199s] Level 1:colcon.colcon_core.package_identification:_identify(install) by extension 'ignore'
[0.199s] Level 1:colcon.colcon_core.package_identification:_identify(install) ignored
[0.199s] Level 1:colcon.colcon_core.package_identification:_identify(log) by extensions ['ignore', 'ignore_ament_install']
[0.199s] Level 1:colcon.colcon_core.package_identification:_identify(log) by extension 'ignore'
[0.199s] Level 1:colcon.colcon_core.package_identification:_identify(log) ignored
[0.199s] Level 1:colcon.colcon_core.package_identification:_identify(movement) by extensions ['ignore', 'ignore_ament_install']
[0.199s] Level 1:colcon.colcon_core.package_identification:_identify(movement) by extension 'ignore'
[0.199s] Level 1:colcon.colcon_core.package_identification:_identify(movement) by extension 'ignore_ament_install'
[0.200s] Level 1:colcon.colcon_core.package_identification:_identify(movement) by extensions ['colcon_pkg']
[0.200s] Level 1:colcon.colcon_core.package_identification:_identify(movement) by extension 'colcon_pkg'
[0.200s] Level 1:colcon.colcon_core.package_identification:_identify(movement) by extensions ['colcon_meta']
[0.200s] Level 1:colcon.colcon_core.package_identification:_identify(movement) by extension 'colcon_meta'
[0.200s] Level 1:colcon.colcon_core.package_identification:_identify(movement) by extensions ['ros']
[0.200s] Level 1:colcon.colcon_core.package_identification:_identify(movement) by extension 'ros'
[0.200s] DEBUG:colcon.colcon_core.package_identification:Package 'movement' with type 'ros.ament_cmake' and name 'movement'
[0.200s] Level 1:colcon.colcon_core.package_identification:_identify(worlds) by extensions ['ignore', 'ignore_ament_install']
[0.200s] Level 1:colcon.colcon_core.package_identification:_identify(worlds) by extension 'ignore'
[0.201s] Level 1:colcon.colcon_core.package_identification:_identify(worlds) by extension 'ignore_ament_install'
[0.201s] Level 1:colcon.colcon_core.package_identification:_identify(worlds) by extensions ['colcon_pkg']
[0.201s] Level 1:colcon.colcon_core.package_identification:_identify(worlds) by extension 'colcon_pkg'
[0.201s] Level 1:colcon.colcon_core.package_identification:_identify(worlds) by extensions ['colcon_meta']
[0.201s] Level 1:colcon.colcon_core.package_identification:_identify(worlds) by extension 'colcon_meta'
[0.201s] Level 1:colcon.colcon_core.package_identification:_identify(worlds) by extensions ['ros']
[0.201s] Level 1:colcon.colcon_core.package_identification:_identify(worlds) by extension 'ros'
[0.201s] Level 1:colcon.colcon_core.package_identification:_identify(worlds) by extensions ['cmake', 'python']
[0.201s] Level 1:colcon.colcon_core.package_identification:_identify(worlds) by extension 'cmake'
[0.201s] Level 1:colcon.colcon_core.package_identification:_identify(worlds) by extension 'python'
[0.201s] Level 1:colcon.colcon_core.package_identification:_identify(worlds) by extensions ['python_setup_py']
[0.201s] Level 1:colcon.colcon_core.package_identification:_identify(worlds) by extension 'python_setup_py'
[0.201s] Level 1:colcon.colcon_core.package_discovery:discover_packages(recursive) using defaults
[0.201s] Level 1:colcon.colcon_core.package_discovery:discover_packages(ignore) discover
[0.201s] Level 1:colcon.colcon_core.package_discovery:discover_packages(ignore) using defaults
[0.201s] Level 1:colcon.colcon_core.package_discovery:discover_packages(path) discover
[0.201s] Level 1:colcon.colcon_core.package_discovery:discover_packages(path) using defaults
[0.213s] Level 1:colcon.colcon_core.package_discovery:discover_packages(prefix_path) check parameters
[0.213s] Level 1:colcon.colcon_core.package_discovery:discover_packages(prefix_path) discover
[0.214s] DEBUG:colcon.colcon_installed_package_information.package_discovery:Found 2 installed packages in /home/boz/MEng-project-9-2023/simulation/urdf2/install
[0.215s] DEBUG:colcon.colcon_installed_package_information.package_discovery:Found 477 installed packages in /opt/ros/humble
[0.217s] Level 1:colcon.colcon_core.package_discovery:discover_packages(prefix_path) using defaults
[0.249s] Level 5:colcon.colcon_core.verb:set package 'final_description' build argument 'cmake_args' from command line to 'None'
[0.249s] Level 5:colcon.colcon_core.verb:set package 'final_description' build argument 'cmake_target' from command line to 'None'
[0.249s] Level 5:colcon.colcon_core.verb:set package 'final_description' build argument 'cmake_target_skip_unavailable' from command line to 'False'
[0.249s] Level 5:colcon.colcon_core.verb:set package 'final_description' build argument 'cmake_clean_cache' from command line to 'False'
[0.249s] Level 5:colcon.colcon_core.verb:set package 'final_description' build argument 'cmake_clean_first' from command line to 'False'
[0.249s] Level 5:colcon.colcon_core.verb:set package 'final_description' build argument 'cmake_force_configure' from command line to 'False'
[0.249s] Level 5:colcon.colcon_core.verb:set package 'final_description' build argument 'ament_cmake_args' from command line to 'None'
[0.249s] Level 5:colcon.colcon_core.verb:set package 'final_description' build argument 'catkin_cmake_args' from command line to 'None'
[0.249s] Level 5:colcon.colcon_core.verb:set package 'final_description' build argument 'catkin_skip_building_tests' from command line to 'False'
[0.249s] DEBUG:colcon.colcon_core.verb:Building package 'final_description' with the following arguments: {'ament_cmake_args': None, 'build_base': '/home/boz/MEng-project-9-2023/simulation/urdf2/build/final_description', 'catkin_cmake_args': None, 'catkin_skip_building_tests': False, 'cmake_args': None, 'cmake_clean_cache': False, 'cmake_clean_first': False, 'cmake_force_configure': False, 'cmake_target': None, 'cmake_target_skip_unavailable': False, 'install_base': '/home/boz/MEng-project-9-2023/simulation/urdf2/install/final_description', 'merge_install': False, 'path': '/home/boz/MEng-project-9-2023/simulation/urdf2/final_description', 'symlink_install': False, 'test_result_base': None}
[0.249s] Level 5:colcon.colcon_core.verb:set package 'movement' build argument 'cmake_args' from command line to 'None'
[0.249s] Level 5:colcon.colcon_core.verb:set package 'movement' build argument 'cmake_target' from command line to 'None'
[0.249s] Level 5:colcon.colcon_core.verb:set package 'movement' build argument 'cmake_target_skip_unavailable' from command line to 'False'
[0.249s] Level 5:colcon.colcon_core.verb:set package 'movement' build argument 'cmake_clean_cache' from command line to 'False'
[0.249s] Level 5:colcon.colcon_core.verb:set package 'movement' build argument 'cmake_clean_first' from command line to 'False'
[0.249s] Level 5:colcon.colcon_core.verb:set package 'movement' build argument 'cmake_force_configure' from command line to 'False'
[0.249s] Level 5:colcon.colcon_core.verb:set package 'movement' build argument 'ament_cmake_args' from command line to 'None'
[0.249s] Level 5:colcon.colcon_core.verb:set package 'movement' build argument 'catkin_cmake_args' from command line to 'None'
[0.249s] Level 5:colcon.colcon_core.verb:set package 'movement' build argument 'catkin_skip_building_tests' from command line to 'False'
[0.249s] DEBUG:colcon.colcon_core.verb:Building package 'movement' with the following arguments: {'ament_cmake_args': None, 'build_base': '/home/boz/MEng-project-9-2023/simulation/urdf2/build/movement', 'catkin_cmake_args': None, 'catkin_skip_building_tests': False, 'cmake_args': None, 'cmake_clean_cache': False, 'cmake_clean_first': False, 'cmake_force_configure': False, 'cmake_target': None, 'cmake_target_skip_unavailable': False, 'install_base': '/home/boz/MEng-project-9-2023/simulation/urdf2/install/movement', 'merge_install': False, 'path': '/home/boz/MEng-project-9-2023/simulation/urdf2/movement', 'symlink_install': False, 'test_result_base': None}
[0.249s] INFO:colcon.colcon_core.executor:Executing jobs using 'parallel' executor
[0.250s] DEBUG:colcon.colcon_parallel_executor.executor.parallel:run_until_complete
[0.250s] INFO:colcon.colcon_ros.task.ament_python.build:Building ROS package in '/home/boz/MEng-project-9-2023/simulation/urdf2/final_description' with build type 'ament_python'
[0.250s] Level 1:colcon.colcon_core.shell:create_environment_hook('final_description', 'ament_prefix_path')
[0.251s] INFO:colcon.colcon_core.plugin_system:Skipping extension 'colcon_core.shell.bat': Not used on non-Windows systems
[0.251s] INFO:colcon.colcon_core.shell:Creating environment hook '/home/boz/MEng-project-9-2023/simulation/urdf2/install/final_description/share/final_description/hook/ament_prefix_path.ps1'
[0.252s] INFO:colcon.colcon_core.shell:Creating environment descriptor '/home/boz/MEng-project-9-2023/simulation/urdf2/install/final_description/share/final_description/hook/ament_prefix_path.dsv'
[0.252s] INFO:colcon.colcon_core.shell:Creating environment hook '/home/boz/MEng-project-9-2023/simulation/urdf2/install/final_description/share/final_description/hook/ament_prefix_path.sh'
[0.252s] INFO:colcon.colcon_core.shell:Skip shell extension 'powershell' for command environment: Not usable outside of PowerShell
[0.252s] DEBUG:colcon.colcon_core.shell:Skip shell extension 'dsv' for command environment
[0.419s] INFO:colcon.colcon_core.task.python.build:Building Python package in '/home/boz/MEng-project-9-2023/simulation/urdf2/final_description'
[0.420s] INFO:colcon.colcon_core.shell:Skip shell extension 'powershell' for command environment: Not usable outside of PowerShell
[0.420s] DEBUG:colcon.colcon_core.shell:Skip shell extension 'dsv' for command environment
[0.640s] DEBUG:colcon.colcon_core.event_handler.log_command:Invoking command in '/home/boz/MEng-project-9-2023/simulation/urdf2/final_description': PYTHONPATH=/home/boz/MEng-project-9-2023/simulation/urdf2/build/final_description/prefix_override:/home/boz/MEng-project-9-2023/simulation/urdf2/install/final_description/lib/python3.10/site-packages:${PYTHONPATH} /usr/bin/python3 -W ignore:setup.py install is deprecated setup.py egg_info --egg-base ../build/final_description build --build-base /home/boz/MEng-project-9-2023/simulation/urdf2/build/final_description/build install --record /home/boz/MEng-project-9-2023/simulation/urdf2/build/final_description/install.log --single-version-externally-managed install_data
[0.828s] DEBUG:colcon.colcon_core.event_handler.log_command:Invoked command in '/home/boz/MEng-project-9-2023/simulation/urdf2/final_description' returned '0': PYTHONPATH=/home/boz/MEng-project-9-2023/simulation/urdf2/build/final_description/prefix_override:/home/boz/MEng-project-9-2023/simulation/urdf2/install/final_description/lib/python3.10/site-packages:${PYTHONPATH} /usr/bin/python3 -W ignore:setup.py install is deprecated setup.py egg_info --egg-base ../build/final_description build --build-base /home/boz/MEng-project-9-2023/simulation/urdf2/build/final_description/build install --record /home/boz/MEng-project-9-2023/simulation/urdf2/build/final_description/install.log --single-version-externally-managed install_data
[0.829s] Level 1:colcon.colcon_core.environment:checking '/home/boz/MEng-project-9-2023/simulation/urdf2/install/final_description' for CMake module files
[0.830s] Level 1:colcon.colcon_core.environment:checking '/home/boz/MEng-project-9-2023/simulation/urdf2/install/final_description' for CMake config files
[0.830s] Level 1:colcon.colcon_core.environment:checking '/home/boz/MEng-project-9-2023/simulation/urdf2/install/final_description/lib'
[0.830s] Level 1:colcon.colcon_core.environment:checking '/home/boz/MEng-project-9-2023/simulation/urdf2/install/final_description/bin'
[0.830s] Level 1:colcon.colcon_core.environment:checking '/home/boz/MEng-project-9-2023/simulation/urdf2/install/final_description/lib/pkgconfig/final_description.pc'
[0.830s] Level 1:colcon.colcon_core.environment:checking '/home/boz/MEng-project-9-2023/simulation/urdf2/install/final_description/lib/python3.10/site-packages'
[0.830s] Level 1:colcon.colcon_core.shell:create_environment_hook('final_description', 'pythonpath')
[0.830s] INFO:colcon.colcon_core.shell:Creating environment hook '/home/boz/MEng-project-9-2023/simulation/urdf2/install/final_description/share/final_description/hook/pythonpath.ps1'
[0.831s] INFO:colcon.colcon_core.shell:Creating environment descriptor '/home/boz/MEng-project-9-2023/simulation/urdf2/install/final_description/share/final_description/hook/pythonpath.dsv'
[0.831s] INFO:colcon.colcon_core.shell:Creating environment hook '/home/boz/MEng-project-9-2023/simulation/urdf2/install/final_description/share/final_description/hook/pythonpath.sh'
[0.831s] Level 1:colcon.colcon_core.environment:checking '/home/boz/MEng-project-9-2023/simulation/urdf2/install/final_description/bin'
[0.831s] Level 1:colcon.colcon_core.environment:create_environment_scripts_only(final_description)
[0.831s] INFO:colcon.colcon_core.shell:Creating package script '/home/boz/MEng-project-9-2023/simulation/urdf2/install/final_description/share/final_description/package.ps1'
[0.832s] INFO:colcon.colcon_core.shell:Creating package descriptor '/home/boz/MEng-project-9-2023/simulation/urdf2/install/final_description/share/final_description/package.dsv'
[0.832s] INFO:colcon.colcon_core.shell:Creating package script '/home/boz/MEng-project-9-2023/simulation/urdf2/install/final_description/share/final_description/package.sh'
[0.833s] INFO:colcon.colcon_core.shell:Creating package script '/home/boz/MEng-project-9-2023/simulation/urdf2/install/final_description/share/final_description/package.bash'
[0.833s] INFO:colcon.colcon_core.shell:Creating package script '/home/boz/MEng-project-9-2023/simulation/urdf2/install/final_description/share/final_description/package.zsh'
[0.833s] Level 1:colcon.colcon_core.environment:create_file_with_runtime_dependencies(/home/boz/MEng-project-9-2023/simulation/urdf2/install/final_description/share/colcon-core/packages/final_description)
[0.833s] INFO:colcon.colcon_ros.task.ament_cmake.build:Building ROS package in '/home/boz/MEng-project-9-2023/simulation/urdf2/movement' with build type 'ament_cmake'
[0.833s] INFO:colcon.colcon_cmake.task.cmake.build:Building CMake package in '/home/boz/MEng-project-9-2023/simulation/urdf2/movement'
[0.834s] INFO:colcon.colcon_core.shell:Skip shell extension 'powershell' for command environment: Not usable outside of PowerShell
[0.834s] DEBUG:colcon.colcon_core.shell:Skip shell extension 'dsv' for command environment
[0.840s] DEBUG:colcon.colcon_core.event_handler.log_command:Invoking command in '/home/boz/MEng-project-9-2023/simulation/urdf2/build/movement': AMENT_PREFIX_PATH=/home/boz/MEng-project-9-2023/simulation/urdf2/install/final_description:/home/boz/MEng-project-9-2023/simulation/urdf2/install/movement:/opt/ros/humble CMAKE_PREFIX_PATH=${CMAKE_PREFIX_PATH}:/home/boz/MEng-project-9-2023/simulation/urdf2/install/final_description:/opt/ros/humble /usr/bin/cmake --build /home/boz/MEng-project-9-2023/simulation/urdf2/build/movement -- -j32 -l32
[0.862s] DEBUG:colcon.colcon_core.event_handler.log_command:Invoked command in '/home/boz/MEng-project-9-2023/simulation/urdf2/build/movement' returned '0': AMENT_PREFIX_PATH=/home/boz/MEng-project-9-2023/simulation/urdf2/install/final_description:/home/boz/MEng-project-9-2023/simulation/urdf2/install/movement:/opt/ros/humble CMAKE_PREFIX_PATH=${CMAKE_PREFIX_PATH}:/home/boz/MEng-project-9-2023/simulation/urdf2/install/final_description:/opt/ros/humble /usr/bin/cmake --build /home/boz/MEng-project-9-2023/simulation/urdf2/build/movement -- -j32 -l32
[0.890s] DEBUG:colcon.colcon_core.event_handler.log_command:Invoking command in '/home/boz/MEng-project-9-2023/simulation/urdf2/build/movement': AMENT_PREFIX_PATH=/home/boz/MEng-project-9-2023/simulation/urdf2/install/final_description:/home/boz/MEng-project-9-2023/simulation/urdf2/install/movement:/opt/ros/humble CMAKE_PREFIX_PATH=${CMAKE_PREFIX_PATH}:/home/boz/MEng-project-9-2023/simulation/urdf2/install/final_description:/opt/ros/humble /usr/bin/cmake --install /home/boz/MEng-project-9-2023/simulation/urdf2/build/movement
[0.900s] Level 1:colcon.colcon_core.environment:create_environment_scripts_only(movement)
[0.901s] Level 1:colcon.colcon_core.environment:checking '/home/boz/MEng-project-9-2023/simulation/urdf2/install/movement' for CMake module files
[0.901s] DEBUG:colcon.colcon_core.event_handler.log_command:Invoked command in '/home/boz/MEng-project-9-2023/simulation/urdf2/build/movement' returned '0': AMENT_PREFIX_PATH=/home/boz/MEng-project-9-2023/simulation/urdf2/install/final_description:/home/boz/MEng-project-9-2023/simulation/urdf2/install/movement:/opt/ros/humble CMAKE_PREFIX_PATH=${CMAKE_PREFIX_PATH}:/home/boz/MEng-project-9-2023/simulation/urdf2/install/final_description:/opt/ros/humble /usr/bin/cmake --install /home/boz/MEng-project-9-2023/simulation/urdf2/build/movement
[0.901s] Level 1:colcon.colcon_core.environment:checking '/home/boz/MEng-project-9-2023/simulation/urdf2/install/movement' for CMake config files
[0.902s] Level 1:colcon.colcon_core.shell:create_environment_hook('movement', 'cmake_prefix_path')
[0.902s] INFO:colcon.colcon_core.shell:Creating environment hook '/home/boz/MEng-project-9-2023/simulation/urdf2/install/movement/share/movement/hook/cmake_prefix_path.ps1'
[0.902s] INFO:colcon.colcon_core.shell:Creating environment descriptor '/home/boz/MEng-project-9-2023/simulation/urdf2/install/movement/share/movement/hook/cmake_prefix_path.dsv'
[0.903s] INFO:colcon.colcon_core.shell:Creating environment hook '/home/boz/MEng-project-9-2023/simulation/urdf2/install/movement/share/movement/hook/cmake_prefix_path.sh'
[0.903s] Level 1:colcon.colcon_core.environment:checking '/home/boz/MEng-project-9-2023/simulation/urdf2/install/movement/bin'
[0.903s] Level 1:colcon.colcon_core.environment:checking '/home/boz/MEng-project-9-2023/simulation/urdf2/install/movement/lib/pkgconfig/movement.pc'
[0.903s] Level 1:colcon.colcon_core.environment:checking '/home/boz/MEng-project-9-2023/simulation/urdf2/install/movement/lib/python3.10/site-packages'
[0.904s] Level 1:colcon.colcon_core.environment:checking '/home/boz/MEng-project-9-2023/simulation/urdf2/install/movement/bin'
[0.904s] INFO:colcon.colcon_core.shell:Creating package script '/home/boz/MEng-project-9-2023/simulation/urdf2/install/movement/share/movement/package.ps1'
[0.904s] INFO:colcon.colcon_core.shell:Creating package descriptor '/home/boz/MEng-project-9-2023/simulation/urdf2/install/movement/share/movement/package.dsv'
[0.905s] INFO:colcon.colcon_core.shell:Creating package script '/home/boz/MEng-project-9-2023/simulation/urdf2/install/movement/share/movement/package.sh'
[0.905s] INFO:colcon.colcon_core.shell:Creating package script '/home/boz/MEng-project-9-2023/simulation/urdf2/install/movement/share/movement/package.bash'
[0.905s] INFO:colcon.colcon_core.shell:Creating package script '/home/boz/MEng-project-9-2023/simulation/urdf2/install/movement/share/movement/package.zsh'
[0.905s] Level 1:colcon.colcon_core.environment:create_file_with_runtime_dependencies(/home/boz/MEng-project-9-2023/simulation/urdf2/install/movement/share/colcon-core/packages/movement)
[0.920s] Level 1:colcon.colcon_core.environment:create_environment_scripts_only(movement)
[0.920s] Level 1:colcon.colcon_core.environment:checking '/home/boz/MEng-project-9-2023/simulation/urdf2/install/movement' for CMake module files
[0.921s] Level 1:colcon.colcon_core.environment:checking '/home/boz/MEng-project-9-2023/simulation/urdf2/install/movement' for CMake config files
[0.921s] Level 1:colcon.colcon_core.shell:create_environment_hook('movement', 'cmake_prefix_path')
[0.921s] INFO:colcon.colcon_core.shell:Creating environment hook '/home/boz/MEng-project-9-2023/simulation/urdf2/install/movement/share/movement/hook/cmake_prefix_path.ps1'
[0.921s] INFO:colcon.colcon_core.shell:Creating environment descriptor '/home/boz/MEng-project-9-2023/simulation/urdf2/install/movement/share/movement/hook/cmake_prefix_path.dsv'
[0.921s] INFO:colcon.colcon_core.shell:Creating environment hook '/home/boz/MEng-project-9-2023/simulation/urdf2/install/movement/share/movement/hook/cmake_prefix_path.sh'
[0.922s] Level 1:colcon.colcon_core.environment:checking '/home/boz/MEng-project-9-2023/simulation/urdf2/install/movement/bin'
[0.922s] Level 1:colcon.colcon_core.environment:checking '/home/boz/MEng-project-9-2023/simulation/urdf2/install/movement/lib/pkgconfig/movement.pc'
[0.922s] Level 1:colcon.colcon_core.environment:checking '/home/boz/MEng-project-9-2023/simulation/urdf2/install/movement/lib/python3.10/site-packages'
[0.922s] Level 1:colcon.colcon_core.environment:checking '/home/boz/MEng-project-9-2023/simulation/urdf2/install/movement/bin'
[0.922s] INFO:colcon.colcon_core.shell:Creating package script '/home/boz/MEng-project-9-2023/simulation/urdf2/install/movement/share/movement/package.ps1'
[0.922s] INFO:colcon.colcon_core.shell:Creating package descriptor '/home/boz/MEng-project-9-2023/simulation/urdf2/install/movement/share/movement/package.dsv'
[0.923s] INFO:colcon.colcon_core.shell:Creating package script '/home/boz/MEng-project-9-2023/simulation/urdf2/install/movement/share/movement/package.sh'
[0.923s] INFO:colcon.colcon_core.shell:Creating package script '/home/boz/MEng-project-9-2023/simulation/urdf2/install/movement/share/movement/package.bash'
[0.923s] INFO:colcon.colcon_core.shell:Creating package script '/home/boz/MEng-project-9-2023/simulation/urdf2/install/movement/share/movement/package.zsh'
[0.923s] Level 1:colcon.colcon_core.environment:create_file_with_runtime_dependencies(/home/boz/MEng-project-9-2023/simulation/urdf2/install/movement/share/colcon-core/packages/movement)
[0.924s] DEBUG:colcon.colcon_parallel_executor.executor.parallel:closing loop
[0.924s] DEBUG:colcon.colcon_parallel_executor.executor.parallel:loop closed
[0.924s] DEBUG:colcon.colcon_parallel_executor.executor.parallel:run_until_complete finished with '0'
[0.924s] DEBUG:colcon.colcon_core.event_reactor:joining thread
[0.927s] INFO:colcon.colcon_core.plugin_system:Skipping extension 'colcon_notification.desktop_notification.terminal_notifier': Not used on non-Darwin systems
[0.927s] INFO:colcon.colcon_core.plugin_system:Skipping extension 'colcon_notification.desktop_notification.win32': Not used on non-Windows systems
[0.927s] INFO:colcon.colcon_notification.desktop_notification:Sending desktop notification using 'notify2'
[0.937s] DEBUG:colcon.colcon_core.event_reactor:joined thread
[0.938s] INFO:colcon.colcon_core.shell:Creating prefix script '/home/boz/MEng-project-9-2023/simulation/urdf2/install/local_setup.ps1'
[0.938s] INFO:colcon.colcon_core.shell:Creating prefix util module '/home/boz/MEng-project-9-2023/simulation/urdf2/install/_local_setup_util_ps1.py'
[0.939s] INFO:colcon.colcon_core.shell:Creating prefix chain script '/home/boz/MEng-project-9-2023/simulation/urdf2/install/setup.ps1'
[0.940s] INFO:colcon.colcon_core.shell:Creating prefix script '/home/boz/MEng-project-9-2023/simulation/urdf2/install/local_setup.sh'
[0.941s] INFO:colcon.colcon_core.shell:Creating prefix util module '/home/boz/MEng-project-9-2023/simulation/urdf2/install/_local_setup_util_sh.py'
[0.941s] INFO:colcon.colcon_core.shell:Creating prefix chain script '/home/boz/MEng-project-9-2023/simulation/urdf2/install/setup.sh'
[0.942s] INFO:colcon.colcon_core.shell:Creating prefix script '/home/boz/MEng-project-9-2023/simulation/urdf2/install/local_setup.bash'
[0.942s] INFO:colcon.colcon_core.shell:Creating prefix chain script '/home/boz/MEng-project-9-2023/simulation/urdf2/install/setup.bash'
[0.943s] INFO:colcon.colcon_core.shell:Creating prefix script '/home/boz/MEng-project-9-2023/simulation/urdf2/install/local_setup.zsh'
[0.943s] INFO:colcon.colcon_core.shell:Creating prefix chain script '/home/boz/MEng-project-9-2023/simulation/urdf2/install/setup.zsh'
