[0.428s] Invoking command in '/home/boz/MEng-project-9-2023/simulation/urdf2/final_description': PYTHONPATH=/home/boz/MEng-project-9-2023/simulation/urdf2/build/final_description/prefix_override:/home/boz/MEng-project-9-2023/simulation/urdf2/install/final_description/lib/python3.10/site-packages:${PYTHONPATH} /usr/bin/python3 -W ignore:setup.py install is deprecated setup.py egg_info --egg-base ../build/final_description build --build-base /home/boz/MEng-project-9-2023/simulation/urdf2/build/final_description/build install --record /home/boz/MEng-project-9-2023/simulation/urdf2/build/final_description/install.log --single-version-externally-managed install_data
[0.610s] running egg_info
[0.611s] creating ../build/final_description/final_description.egg-info
[0.611s] writing ../build/final_description/final_description.egg-info/PKG-INFO
[0.611s] writing dependency_links to ../build/final_description/final_description.egg-info/dependency_links.txt
[0.611s] writing entry points to ../build/final_description/final_description.egg-info/entry_points.txt
[0.611s] writing requirements to ../build/final_description/final_description.egg-info/requires.txt
[0.611s] writing top-level names to ../build/final_description/final_description.egg-info/top_level.txt
[0.611s] writing manifest file '../build/final_description/final_description.egg-info/SOURCES.txt'
[0.613s] reading manifest file '../build/final_description/final_description.egg-info/SOURCES.txt'
[0.613s] writing manifest file '../build/final_description/final_description.egg-info/SOURCES.txt'
[0.613s] running build
[0.613s] running build_py
[0.613s] creating /home/boz/MEng-project-9-2023/simulation/urdf2/build/final_description/build
[0.613s] creating /home/boz/MEng-project-9-2023/simulation/urdf2/build/final_description/build/lib
[0.613s] creating /home/boz/MEng-project-9-2023/simulation/urdf2/build/final_description/build/lib/final_description
[0.613s] copying final_description/__init__.py -> /home/boz/MEng-project-9-2023/simulation/urdf2/build/final_description/build/lib/final_description
[0.614s] running install
[0.614s] running install_lib
[0.614s] creating /home/boz/MEng-project-9-2023/simulation/urdf2/install/final_description/lib/python3.10/site-packages/final_description
[0.614s] copying /home/boz/MEng-project-9-2023/simulation/urdf2/build/final_description/build/lib/final_description/__init__.py -> /home/boz/MEng-project-9-2023/simulation/urdf2/install/final_description/lib/python3.10/site-packages/final_description
[0.614s] byte-compiling /home/boz/MEng-project-9-2023/simulation/urdf2/install/final_description/lib/python3.10/site-packages/final_description/__init__.py to __init__.cpython-310.pyc
[0.615s] running install_data
[0.615s] creating /home/boz/MEng-project-9-2023/simulation/urdf2/install/final_description/share/ament_index
[0.615s] creating /home/boz/MEng-project-9-2023/simulation/urdf2/install/final_description/share/ament_index/resource_index
[0.615s] creating /home/boz/MEng-project-9-2023/simulation/urdf2/install/final_description/share/ament_index/resource_index/packages
[0.615s] copying resource/final_description -> /home/boz/MEng-project-9-2023/simulation/urdf2/install/final_description/share/ament_index/resource_index/packages
[0.615s] copying package.xml -> /home/boz/MEng-project-9-2023/simulation/urdf2/install/final_description/share/final_description
[0.615s] creating /home/boz/MEng-project-9-2023/simulation/urdf2/install/final_description/share/final_description/launch
[0.615s] copying launch/gazebo.launch.py -> /home/boz/MEng-project-9-2023/simulation/urdf2/install/final_description/share/final_description/launch
[0.625s] copying launch/display.launch.py -> /home/boz/MEng-project-9-2023/simulation/urdf2/install/final_description/share/final_description/launch
[0.626s] creating /home/boz/MEng-project-9-2023/simulation/urdf2/install/final_description/share/final_description/urdf
[0.626s] copying urdf/final.urdf.xacro -> /home/boz/MEng-project-9-2023/simulation/urdf2/install/final_description/share/final_description/urdf
[0.628s] copying urdf/final.trans -> /home/boz/MEng-project-9-2023/simulation/urdf2/install/final_description/share/final_description/urdf
[0.630s] copying urdf/final.gazebo -> /home/boz/MEng-project-9-2023/simulation/urdf2/install/final_description/share/final_description/urdf
[0.631s] copying urdf/materials.xacro -> /home/boz/MEng-project-9-2023/simulation/urdf2/install/final_description/share/final_description/urdf
[0.633s] copying urdf/camera.xacro -> /home/boz/MEng-project-9-2023/simulation/urdf2/install/final_description/share/final_description/urdf
[0.634s] copying urdf/example_gazebo.xacro -> /home/boz/MEng-project-9-2023/simulation/urdf2/install/final_description/share/final_description/urdf
[0.635s] copying urdf/example_include.xacro -> /home/boz/MEng-project-9-2023/simulation/urdf2/install/final_description/share/final_description/urdf
[0.636s] creating /home/boz/MEng-project-9-2023/simulation/urdf2/install/final_description/share/final_description/meshes
[0.636s] copying meshes/slider_2_feet_v2_1.stl -> /home/boz/MEng-project-9-2023/simulation/urdf2/install/final_description/share/final_description/meshes
[0.637s] copying meshes/base_link.stl -> /home/boz/MEng-project-9-2023/simulation/urdf2/install/final_description/share/final_description/meshes
[0.640s] copying meshes/slider_1_foot_v2__1__1.stl -> /home/boz/MEng-project-9-2023/simulation/urdf2/install/final_description/share/final_description/meshes
[0.640s] copying meshes/runner_plate_v1_1.stl -> /home/boz/MEng-project-9-2023/simulation/urdf2/install/final_description/share/final_description/meshes
[0.641s] copying meshes/slider_1_foot_v2_1.stl -> /home/boz/MEng-project-9-2023/simulation/urdf2/install/final_description/share/final_description/meshes
[0.642s] copying meshes/slider_2_feet_v2__1__1.stl -> /home/boz/MEng-project-9-2023/simulation/urdf2/install/final_description/share/final_description/meshes
[0.643s] creating /home/boz/MEng-project-9-2023/simulation/urdf2/install/final_description/share/final_description/config
[0.643s] copying config/display.rviz -> /home/boz/MEng-project-9-2023/simulation/urdf2/install/final_description/share/final_description/config
[0.643s] creating /home/boz/MEng-project-9-2023/simulation/urdf2/install/final_description/share/final_description/worlds
[0.643s] copying worlds/test_rig_v3.obj -> /home/boz/MEng-project-9-2023/simulation/urdf2/install/final_description/share/final_description/worlds
[0.645s] copying worlds/test_rig_flange.dae -> /home/boz/MEng-project-9-2023/simulation/urdf2/install/final_description/share/final_description/worlds
[0.647s] copying worlds/test_world.world -> /home/boz/MEng-project-9-2023/simulation/urdf2/install/final_description/share/final_description/worlds
[0.647s] copying worlds/vertical.dae -> /home/boz/MEng-project-9-2023/simulation/urdf2/install/final_description/share/final_description/worlds
[0.652s] running install_egg_info
[0.654s] Copying ../build/final_description/final_description.egg-info to /home/boz/MEng-project-9-2023/simulation/urdf2/install/final_description/lib/python3.10/site-packages/final_description-0.0.0-py3.10.egg-info
[0.654s] running install_scripts
[0.669s] writing list of installed files to '/home/boz/MEng-project-9-2023/simulation/urdf2/build/final_description/install.log'
[0.684s] Invoked command in '/home/boz/MEng-project-9-2023/simulation/urdf2/final_description' returned '0': PYTHONPATH=/home/boz/MEng-project-9-2023/simulation/urdf2/build/final_description/prefix_override:/home/boz/MEng-project-9-2023/simulation/urdf2/install/final_description/lib/python3.10/site-packages:${PYTHONPATH} /usr/bin/python3 -W ignore:setup.py install is deprecated setup.py egg_info --egg-base ../build/final_description build --build-base /home/boz/MEng-project-9-2023/simulation/urdf2/build/final_description/build install --record /home/boz/MEng-project-9-2023/simulation/urdf2/build/final_description/install.log --single-version-externally-managed install_data
