[0.006s] Invoking command in '/home/boz/MEng-project-9-2023/simulation/urdf2/build/final_description': /usr/bin/cmake /home/boz/MEng-project-9-2023/simulation/urdf2/final_description -DCMAKE_INSTALL_PREFIX=/home/boz/MEng-project-9-2023/simulation/urdf2/install/final_description
[0.044s] -- The C compiler identification is GNU 11.4.0
[0.095s] -- The CXX compiler identification is GNU 11.4.0
[0.103s] -- Detecting C compiler ABI info
[0.153s] -- Detecting C compiler ABI info - done
[0.160s] -- Check for working C compiler: /usr/bin/cc - skipped
[0.161s] -- Detecting C compile features
[0.161s] -- Detecting C compile features - done
[0.164s] -- Detecting CXX compiler ABI info
[0.230s] -- Detecting CXX compiler ABI info - done
[0.235s] -- Check for working CXX compiler: /usr/bin/c++ - skipped
[0.235s] -- Detecting CXX compile features
[0.235s] -- Detecting CXX compile features - done
[0.237s] -- Found ament_cmake: 1.3.8 (/opt/ros/humble/share/ament_cmake/cmake)
[0.344s] -- Found Python3: /usr/bin/python3 (found version "3.10.12") found components: Interpreter 
[0.439s] Error parsing '/home/boz/MEng-project-9-2023/simulation/urdf2/final_description/package.xml':
[0.467s] Traceback (most recent call last):
[0.467s]   File "/opt/ros/humble/share/ament_cmake_core/cmake/core/package_xml_2_cmake.py", line 150, in <module>
[0.467s]     main()
[0.467s]   File "/opt/ros/humble/share/ament_cmake_core/cmake/core/package_xml_2_cmake.py", line 53, in main
[0.467s]     raise e
[0.467s]   File "/opt/ros/humble/share/ament_cmake_core/cmake/core/package_xml_2_cmake.py", line 49, in main
[0.467s]     package = parse_package_string(
[0.467s]   File "/usr/lib/python3/dist-packages/catkin_pkg/package.py", line 788, in parse_package_string
[0.481s]     pkg.validate(warnings=warnings)
[0.481s]   File "/usr/lib/python3/dist-packages/catkin_pkg/package.py", line 330, in validate
[0.481s]     raise InvalidPackage('\n'.join(errors), self.filename)
[0.481s] catkin_pkg.package.InvalidPackage: Error(s) in package '/home/boz/MEng-project-9-2023/simulation/urdf2/final_description/package.xml':
[0.481s] The package "final_description" must not "exec_depend" on a package with the same name as this package
[0.491s] [31mCMake Error at /opt/ros/humble/share/ament_cmake_core/cmake/core/ament_package_xml.cmake:95 (message):
[0.491s]   execute_process(/usr/bin/python3
[0.491s]   /opt/ros/humble/share/ament_cmake_core/cmake/core/package_xml_2_cmake.py
[0.491s]   /home/boz/MEng-project-9-2023/simulation/urdf2/final_description/package.xml
[0.491s]   /home/boz/MEng-project-9-2023/simulation/urdf2/build/final_description/ament_cmake_core/package.cmake)
[0.491s]   returned error code 1
[0.491s] Call Stack (most recent call first):
[0.491s]   /opt/ros/humble/share/ament_cmake_core/cmake/core/ament_package_xml.cmake:49 (_ament_package_xml)
[0.491s]   /opt/ros/humble/share/ament_cmake_core/cmake/core/ament_package.cmake:63 (ament_package_xml)
[0.491s]   CMakeLists.txt:15 (ament_package)
[0.491s] 
[0.491s] [0m
[0.491s] -- Configuring incomplete, errors occurred!
[0.491s] See also "/home/boz/MEng-project-9-2023/simulation/urdf2/build/final_description/CMakeFiles/CMakeOutput.log".
[0.494s] Invoked command in '/home/boz/MEng-project-9-2023/simulation/urdf2/build/final_description' returned '1': /usr/bin/cmake /home/boz/MEng-project-9-2023/simulation/urdf2/final_description -DCMAKE_INSTALL_PREFIX=/home/boz/MEng-project-9-2023/simulation/urdf2/install/final_description
