[0.005s] Invoking command in '/home/boz/MEng-project-9-2023/simulation/urdf2/build/movement': AMENT_PREFIX_PATH=/home/boz/MEng-project-9-2023/simulation/urdf2/install/final_description:${AMENT_PREFIX_PATH} CMAKE_PREFIX_PATH=/opt/ros/humble PYTHONPATH=/home/boz/MEng-project-9-2023/simulation/urdf2/install/final_description/lib/python3.10/site-packages:${PYTHONPATH} /usr/bin/cmake /home/boz/MEng-project-9-2023/simulation/urdf2/movement -DCMAKE_INSTALL_PREFIX=/home/boz/MEng-project-9-2023/simulation/urdf2/install/movement
[0.046s] -- The C compiler identification is GNU 11.4.0
[0.090s] -- The CXX compiler identification is GNU 11.4.0
[0.094s] -- Detecting C compiler ABI info
[0.154s] -- Detecting C compiler ABI info - done
[0.161s] -- Check for working C compiler: /usr/bin/cc - skipped
[0.162s] -- Detecting C compile features
[0.162s] -- Detecting C compile features - done
[0.165s] -- Detecting CXX compiler ABI info
[0.235s] -- Detecting CXX compiler ABI info - done
[0.243s] -- Check for working CXX compiler: /usr/bin/c++ - skipped
[0.243s] -- Detecting CXX compile features
[0.243s] -- Detecting CXX compile features - done
[0.246s] -- Found ament_cmake: 1.3.8 (/opt/ros/humble/share/ament_cmake/cmake)
[0.357s] -- Found Python3: /usr/bin/python3 (found version "3.10.12") found components: Interpreter 
[0.459s] -- Configuring done
[0.460s] -- Generating done
[0.460s] -- Build files have been written to: /home/boz/MEng-project-9-2023/simulation/urdf2/build/movement
[0.464s] Invoked command in '/home/boz/MEng-project-9-2023/simulation/urdf2/build/movement' returned '0': AMENT_PREFIX_PATH=/home/boz/MEng-project-9-2023/simulation/urdf2/install/final_description:${AMENT_PREFIX_PATH} CMAKE_PREFIX_PATH=/opt/ros/humble PYTHONPATH=/home/boz/MEng-project-9-2023/simulation/urdf2/install/final_description/lib/python3.10/site-packages:${PYTHONPATH} /usr/bin/cmake /home/boz/MEng-project-9-2023/simulation/urdf2/movement -DCMAKE_INSTALL_PREFIX=/home/boz/MEng-project-9-2023/simulation/urdf2/install/movement
[0.464s] Invoking command in '/home/boz/MEng-project-9-2023/simulation/urdf2/build/movement': AMENT_PREFIX_PATH=/home/boz/MEng-project-9-2023/simulation/urdf2/install/final_description:${AMENT_PREFIX_PATH} CMAKE_PREFIX_PATH=/opt/ros/humble PYTHONPATH=/home/boz/MEng-project-9-2023/simulation/urdf2/install/final_description/lib/python3.10/site-packages:${PYTHONPATH} /usr/bin/cmake --build /home/boz/MEng-project-9-2023/simulation/urdf2/build/movement -- -j32 -l32
[0.498s] Invoked command in '/home/boz/MEng-project-9-2023/simulation/urdf2/build/movement' returned '0': AMENT_PREFIX_PATH=/home/boz/MEng-project-9-2023/simulation/urdf2/install/final_description:${AMENT_PREFIX_PATH} CMAKE_PREFIX_PATH=/opt/ros/humble PYTHONPATH=/home/boz/MEng-project-9-2023/simulation/urdf2/install/final_description/lib/python3.10/site-packages:${PYTHONPATH} /usr/bin/cmake --build /home/boz/MEng-project-9-2023/simulation/urdf2/build/movement -- -j32 -l32
[0.528s] Invoking command in '/home/boz/MEng-project-9-2023/simulation/urdf2/build/movement': AMENT_PREFIX_PATH=/home/boz/MEng-project-9-2023/simulation/urdf2/install/final_description:${AMENT_PREFIX_PATH} CMAKE_PREFIX_PATH=/opt/ros/humble PYTHONPATH=/home/boz/MEng-project-9-2023/simulation/urdf2/install/final_description/lib/python3.10/site-packages:${PYTHONPATH} /usr/bin/cmake --install /home/boz/MEng-project-9-2023/simulation/urdf2/build/movement
[0.534s] -- Install configuration: ""
[0.535s] -- Installing: /home/boz/MEng-project-9-2023/simulation/urdf2/install/movement/share/ament_index/resource_index/package_run_dependencies/movement
[0.535s] -- Installing: /home/boz/MEng-project-9-2023/simulation/urdf2/install/movement/share/ament_index/resource_index/parent_prefix_path/movement
[0.535s] -- Installing: /home/boz/MEng-project-9-2023/simulation/urdf2/install/movement/share/movement/environment/ament_prefix_path.sh
[0.535s] -- Installing: /home/boz/MEng-project-9-2023/simulation/urdf2/install/movement/share/movement/environment/ament_prefix_path.dsv
[0.535s] -- Installing: /home/boz/MEng-project-9-2023/simulation/urdf2/install/movement/share/movement/environment/path.sh
[0.535s] -- Installing: /home/boz/MEng-project-9-2023/simulation/urdf2/install/movement/share/movement/environment/path.dsv
[0.535s] -- Installing: /home/boz/MEng-project-9-2023/simulation/urdf2/install/movement/share/movement/local_setup.bash
[0.535s] -- Installing: /home/boz/MEng-project-9-2023/simulation/urdf2/install/movement/share/movement/local_setup.sh
[0.535s] -- Installing: /home/boz/MEng-project-9-2023/simulation/urdf2/install/movement/share/movement/local_setup.zsh
[0.536s] -- Installing: /home/boz/MEng-project-9-2023/simulation/urdf2/install/movement/share/movement/local_setup.dsv
[0.536s] -- Installing: /home/boz/MEng-project-9-2023/simulation/urdf2/install/movement/share/movement/package.dsv
[0.536s] -- Installing: /home/boz/MEng-project-9-2023/simulation/urdf2/install/movement/share/ament_index/resource_index/packages/movement
[0.536s] -- Installing: /home/boz/MEng-project-9-2023/simulation/urdf2/install/movement/share/movement/cmake/movementConfig.cmake
[0.536s] -- Installing: /home/boz/MEng-project-9-2023/simulation/urdf2/install/movement/share/movement/cmake/movementConfig-version.cmake
[0.536s] -- Installing: /home/boz/MEng-project-9-2023/simulation/urdf2/install/movement/share/movement/package.xml
[0.536s] -- Installing: /home/boz/MEng-project-9-2023/simulation/urdf2/install/movement/share/movement/launch
[0.536s] -- Installing: /home/boz/MEng-project-9-2023/simulation/urdf2/install/movement/share/movement/launch/demo.launch.py
[0.536s] -- Installing: /home/boz/MEng-project-9-2023/simulation/urdf2/install/movement/share/movement/launch/move_group.launch.py
[0.536s] -- Installing: /home/boz/MEng-project-9-2023/simulation/urdf2/install/movement/share/movement/launch/moveit_rviz.launch.py
[0.536s] -- Installing: /home/boz/MEng-project-9-2023/simulation/urdf2/install/movement/share/movement/launch/warehouse_db.launch.py
[0.536s] -- Installing: /home/boz/MEng-project-9-2023/simulation/urdf2/install/movement/share/movement/launch/setup_assistant.launch.py
[0.537s] -- Installing: /home/boz/MEng-project-9-2023/simulation/urdf2/install/movement/share/movement/launch/rsp.launch.py
[0.537s] -- Installing: /home/boz/MEng-project-9-2023/simulation/urdf2/install/movement/share/movement/launch/spawn_controllers.launch.py
[0.537s] -- Installing: /home/boz/MEng-project-9-2023/simulation/urdf2/install/movement/share/movement/launch/static_virtual_joint_tfs.launch.py
[0.537s] -- Installing: /home/boz/MEng-project-9-2023/simulation/urdf2/install/movement/share/movement/config
[0.537s] -- Installing: /home/boz/MEng-project-9-2023/simulation/urdf2/install/movement/share/movement/config/final.urdf.xacro
[0.537s] -- Installing: /home/boz/MEng-project-9-2023/simulation/urdf2/install/movement/share/movement/config/final.srdf
[0.538s] -- Installing: /home/boz/MEng-project-9-2023/simulation/urdf2/install/movement/share/movement/config/joint_limits.yaml
[0.538s] -- Installing: /home/boz/MEng-project-9-2023/simulation/urdf2/install/movement/share/movement/config/kinematics.yaml
[0.538s] -- Installing: /home/boz/MEng-project-9-2023/simulation/urdf2/install/movement/share/movement/config/moveit.rviz
[0.538s] -- Installing: /home/boz/MEng-project-9-2023/simulation/urdf2/install/movement/share/movement/config/final.ros2_control.xacro
[0.538s] -- Installing: /home/boz/MEng-project-9-2023/simulation/urdf2/install/movement/share/movement/config/initial_positions.yaml
[0.538s] -- Installing: /home/boz/MEng-project-9-2023/simulation/urdf2/install/movement/share/movement/config/moveit_controllers.yaml
[0.538s] -- Installing: /home/boz/MEng-project-9-2023/simulation/urdf2/install/movement/share/movement/config/pilz_cartesian_limits.yaml
[0.538s] -- Installing: /home/boz/MEng-project-9-2023/simulation/urdf2/install/movement/share/movement/config/ros2_controllers.yaml
[0.538s] -- Installing: /home/boz/MEng-project-9-2023/simulation/urdf2/install/movement/share/movement/.setup_assistant
[0.541s] Invoked command in '/home/boz/MEng-project-9-2023/simulation/urdf2/build/movement' returned '0': AMENT_PREFIX_PATH=/home/boz/MEng-project-9-2023/simulation/urdf2/install/final_description:${AMENT_PREFIX_PATH} CMAKE_PREFIX_PATH=/opt/ros/humble PYTHONPATH=/home/boz/MEng-project-9-2023/simulation/urdf2/install/final_description/lib/python3.10/site-packages:${PYTHONPATH} /usr/bin/cmake --install /home/boz/MEng-project-9-2023/simulation/urdf2/build/movement
