[0.390s] Invoking command in '/home/boz/MEng-project-9-2023/simulation/urdf2/final_description': PYTHONPATH=/home/boz/MEng-project-9-2023/simulation/urdf2/build/final_description/prefix_override:/home/boz/MEng-project-9-2023/simulation/urdf2/install/final_description/lib/python3.10/site-packages:${PYTHONPATH} /usr/bin/python3 -W ignore:setup.py install is deprecated setup.py egg_info --egg-base ../build/final_description build --build-base /home/boz/MEng-project-9-2023/simulation/urdf2/build/final_description/build install --record /home/boz/MEng-project-9-2023/simulation/urdf2/build/final_description/install.log --single-version-externally-managed install_data
[0.547s] running egg_info
[0.547s] writing ../build/final_description/final_description.egg-info/PKG-INFO
[0.547s] writing dependency_links to ../build/final_description/final_description.egg-info/dependency_links.txt
[0.548s] writing entry points to ../build/final_description/final_description.egg-info/entry_points.txt
[0.548s] writing requirements to ../build/final_description/final_description.egg-info/requires.txt
[0.548s] writing top-level names to ../build/final_description/final_description.egg-info/top_level.txt
[0.549s] reading manifest file '../build/final_description/final_description.egg-info/SOURCES.txt'
[0.549s] writing manifest file '../build/final_description/final_description.egg-info/SOURCES.txt'
[0.549s] running build
[0.549s] running build_py
[0.550s] running install
[0.550s] running install_lib
[0.551s] running install_data
[0.551s] copying worlds/test_rig_v3.obj -> /home/boz/MEng-project-9-2023/simulation/urdf2/install/final_description/share/final_description/worlds
[0.552s] copying worlds/test_rig_flange.dae -> /home/boz/MEng-project-9-2023/simulation/urdf2/install/final_description/share/final_description/worlds
[0.553s] copying worlds/test_world.world -> /home/boz/MEng-project-9-2023/simulation/urdf2/install/final_description/share/final_description/worlds
[0.553s] copying worlds/vertical.dae -> /home/boz/MEng-project-9-2023/simulation/urdf2/install/final_description/share/final_description/worlds
[0.556s] running install_egg_info
[0.557s] removing '/home/boz/MEng-project-9-2023/simulation/urdf2/install/final_description/lib/python3.10/site-packages/final_description-0.0.0-py3.10.egg-info' (and everything under it)
[0.557s] Copying ../build/final_description/final_description.egg-info to /home/boz/MEng-project-9-2023/simulation/urdf2/install/final_description/lib/python3.10/site-packages/final_description-0.0.0-py3.10.egg-info
[0.557s] running install_scripts
[0.571s] writing list of installed files to '/home/boz/MEng-project-9-2023/simulation/urdf2/build/final_description/install.log'
[0.584s] Invoked command in '/home/boz/MEng-project-9-2023/simulation/urdf2/final_description' returned '0': PYTHONPATH=/home/boz/MEng-project-9-2023/simulation/urdf2/build/final_description/prefix_override:/home/boz/MEng-project-9-2023/simulation/urdf2/install/final_description/lib/python3.10/site-packages:${PYTHONPATH} /usr/bin/python3 -W ignore:setup.py install is deprecated setup.py egg_info --egg-base ../build/final_description build --build-base /home/boz/MEng-project-9-2023/simulation/urdf2/build/final_description/build install --record /home/boz/MEng-project-9-2023/simulation/urdf2/build/final_description/install.log --single-version-externally-managed install_data
