[0.005s] Invoking command in '/home/boz/MEng-project-9-2023/simulation/urdf2/build/movement': AMENT_PREFIX_PATH=/home/boz/MEng-project-9-2023/simulation/urdf2/install/final_description:${AMENT_PREFIX_PATH} CMAKE_PREFIX_PATH=/opt/ros/humble PYTHONPATH=/home/boz/MEng-project-9-2023/simulation/urdf2/install/final_description/lib/python3.10/site-packages:${PYTHONPATH} /usr/bin/cmake /home/boz/MEng-project-9-2023/simulation/urdf2/movement -DCMAKE_INSTALL_PREFIX=/home/boz/MEng-project-9-2023/simulation/urdf2/install/movement
[0.041s] -- The C compiler identification is GNU 11.4.0
[0.075s] -- The CXX compiler identification is GNU 11.4.0
[0.080s] -- Detecting C compiler ABI info
[0.122s] -- Detecting C compiler ABI info - done
[0.127s] -- Check for working C compiler: /usr/bin/cc - skipped
[0.128s] -- Detecting C compile features
[0.128s] -- Detecting C compile features - done
[0.130s] -- Detecting CXX compiler ABI info
[0.180s] -- Detecting CXX compiler ABI info - done
[0.188s] -- Check for working CXX compiler: /usr/bin/c++ - skipped
[0.188s] -- Detecting CXX compile features
[0.188s] -- Detecting CXX compile features - done
[0.191s] -- Found ament_cmake: 1.3.8 (/opt/ros/humble/share/ament_cmake/cmake)
[0.289s] -- Found Python3: /usr/bin/python3 (found version "3.10.12") found components: Interpreter 
[0.393s] -- Configuring done
[0.394s] -- Generating done
[0.394s] -- Build files have been written to: /home/boz/MEng-project-9-2023/simulation/urdf2/build/movement
[0.397s] Invoked command in '/home/boz/MEng-project-9-2023/simulation/urdf2/build/movement' returned '0': AMENT_PREFIX_PATH=/home/boz/MEng-project-9-2023/simulation/urdf2/install/final_description:${AMENT_PREFIX_PATH} CMAKE_PREFIX_PATH=/opt/ros/humble PYTHONPATH=/home/boz/MEng-project-9-2023/simulation/urdf2/install/final_description/lib/python3.10/site-packages:${PYTHONPATH} /usr/bin/cmake /home/boz/MEng-project-9-2023/simulation/urdf2/movement -DCMAKE_INSTALL_PREFIX=/home/boz/MEng-project-9-2023/simulation/urdf2/install/movement
[0.399s] Invoking command in '/home/boz/MEng-project-9-2023/simulation/urdf2/build/movement': AMENT_PREFIX_PATH=/home/boz/MEng-project-9-2023/simulation/urdf2/install/final_description:${AMENT_PREFIX_PATH} CMAKE_PREFIX_PATH=/opt/ros/humble PYTHONPATH=/home/boz/MEng-project-9-2023/simulation/urdf2/install/final_description/lib/python3.10/site-packages:${PYTHONPATH} /usr/bin/cmake --build /home/boz/MEng-project-9-2023/simulation/urdf2/build/movement -- -j32 -l32
[0.422s] Invoked command in '/home/boz/MEng-project-9-2023/simulation/urdf2/build/movement' returned '0': AMENT_PREFIX_PATH=/home/boz/MEng-project-9-2023/simulation/urdf2/install/final_description:${AMENT_PREFIX_PATH} CMAKE_PREFIX_PATH=/opt/ros/humble PYTHONPATH=/home/boz/MEng-project-9-2023/simulation/urdf2/install/final_description/lib/python3.10/site-packages:${PYTHONPATH} /usr/bin/cmake --build /home/boz/MEng-project-9-2023/simulation/urdf2/build/movement -- -j32 -l32
[0.442s] Invoking command in '/home/boz/MEng-project-9-2023/simulation/urdf2/build/movement': AMENT_PREFIX_PATH=/home/boz/MEng-project-9-2023/simulation/urdf2/install/final_description:${AMENT_PREFIX_PATH} CMAKE_PREFIX_PATH=/opt/ros/humble PYTHONPATH=/home/boz/MEng-project-9-2023/simulation/urdf2/install/final_description/lib/python3.10/site-packages:${PYTHONPATH} /usr/bin/cmake --install /home/boz/MEng-project-9-2023/simulation/urdf2/build/movement
[0.447s] -- Install configuration: ""
[0.447s] -- Installing: /home/boz/MEng-project-9-2023/simulation/urdf2/install/movement/share/ament_index/resource_index/package_run_dependencies/movement
[0.447s] -- Installing: /home/boz/MEng-project-9-2023/simulation/urdf2/install/movement/share/ament_index/resource_index/parent_prefix_path/movement
[0.447s] -- Installing: /home/boz/MEng-project-9-2023/simulation/urdf2/install/movement/share/movement/environment/ament_prefix_path.sh
[0.447s] -- Installing: /home/boz/MEng-project-9-2023/simulation/urdf2/install/movement/share/movement/environment/ament_prefix_path.dsv
[0.447s] -- Installing: /home/boz/MEng-project-9-2023/simulation/urdf2/install/movement/share/movement/environment/path.sh
[0.448s] -- Installing: /home/boz/MEng-project-9-2023/simulation/urdf2/install/movement/share/movement/environment/path.dsv
[0.448s] -- Installing: /home/boz/MEng-project-9-2023/simulation/urdf2/install/movement/share/movement/local_setup.bash
[0.448s] -- Installing: /home/boz/MEng-project-9-2023/simulation/urdf2/install/movement/share/movement/local_setup.sh
[0.448s] -- Installing: /home/boz/MEng-project-9-2023/simulation/urdf2/install/movement/share/movement/local_setup.zsh
[0.448s] -- Installing: /home/boz/MEng-project-9-2023/simulation/urdf2/install/movement/share/movement/local_setup.dsv
[0.448s] -- Installing: /home/boz/MEng-project-9-2023/simulation/urdf2/install/movement/share/movement/package.dsv
[0.448s] -- Installing: /home/boz/MEng-project-9-2023/simulation/urdf2/install/movement/share/ament_index/resource_index/packages/movement
[0.448s] -- Installing: /home/boz/MEng-project-9-2023/simulation/urdf2/install/movement/share/movement/cmake/movementConfig.cmake
[0.448s] -- Installing: /home/boz/MEng-project-9-2023/simulation/urdf2/install/movement/share/movement/cmake/movementConfig-version.cmake
[0.448s] -- Installing: /home/boz/MEng-project-9-2023/simulation/urdf2/install/movement/share/movement/package.xml
[0.448s] -- Installing: /home/boz/MEng-project-9-2023/simulation/urdf2/install/movement/share/movement/launch
[0.449s] -- Installing: /home/boz/MEng-project-9-2023/simulation/urdf2/install/movement/share/movement/launch/demo.launch.py
[0.449s] -- Installing: /home/boz/MEng-project-9-2023/simulation/urdf2/install/movement/share/movement/launch/move_group.launch.py
[0.449s] -- Installing: /home/boz/MEng-project-9-2023/simulation/urdf2/install/movement/share/movement/launch/moveit_rviz.launch.py
[0.449s] -- Installing: /home/boz/MEng-project-9-2023/simulation/urdf2/install/movement/share/movement/launch/warehouse_db.launch.py
[0.449s] -- Installing: /home/boz/MEng-project-9-2023/simulation/urdf2/install/movement/share/movement/launch/gazebo.launch.py
[0.449s] -- Installing: /home/boz/MEng-project-9-2023/simulation/urdf2/install/movement/share/movement/launch/setup_assistant.launch.py
[0.449s] -- Installing: /home/boz/MEng-project-9-2023/simulation/urdf2/install/movement/share/movement/launch/rsp.launch.py
[0.449s] -- Installing: /home/boz/MEng-project-9-2023/simulation/urdf2/install/movement/share/movement/launch/spawn_controllers.launch.py
[0.449s] -- Installing: /home/boz/MEng-project-9-2023/simulation/urdf2/install/movement/share/movement/launch/static_virtual_joint_tfs.launch.py
[0.449s] -- Installing: /home/boz/MEng-project-9-2023/simulation/urdf2/install/movement/share/movement/config
[0.449s] -- Installing: /home/boz/MEng-project-9-2023/simulation/urdf2/install/movement/share/movement/config/final.urdf.xacro
[0.449s] -- Installing: /home/boz/MEng-project-9-2023/simulation/urdf2/install/movement/share/movement/config/final.srdf
[0.449s] -- Installing: /home/boz/MEng-project-9-2023/simulation/urdf2/install/movement/share/movement/config/build
[0.449s] -- Installing: /home/boz/MEng-project-9-2023/simulation/urdf2/install/movement/share/movement/config/build/.built_by
[0.450s] -- Installing: /home/boz/MEng-project-9-2023/simulation/urdf2/install/movement/share/movement/config/build/COLCON_IGNORE
[0.450s] -- Installing: /home/boz/MEng-project-9-2023/simulation/urdf2/install/movement/share/movement/config/log
[0.450s] -- Installing: /home/boz/MEng-project-9-2023/simulation/urdf2/install/movement/share/movement/config/log/build_2024-04-22_23-04-09
[0.450s] -- Installing: /home/boz/MEng-project-9-2023/simulation/urdf2/install/movement/share/movement/config/log/build_2024-04-22_23-04-09/events.log
[0.450s] -- Installing: /home/boz/MEng-project-9-2023/simulation/urdf2/install/movement/share/movement/config/log/build_2024-04-22_23-04-09/logger_all.log
[0.450s] -- Installing: /home/boz/MEng-project-9-2023/simulation/urdf2/install/movement/share/movement/config/log/COLCON_IGNORE
[0.450s] -- Installing: /home/boz/MEng-project-9-2023/simulation/urdf2/install/movement/share/movement/config/log/latest_build
[0.450s] -- Installing: /home/boz/MEng-project-9-2023/simulation/urdf2/install/movement/share/movement/config/log/latest
[0.450s] -- Installing: /home/boz/MEng-project-9-2023/simulation/urdf2/install/movement/share/movement/config/joint_limits.yaml
[0.450s] -- Installing: /home/boz/MEng-project-9-2023/simulation/urdf2/install/movement/share/movement/config/kinematics.yaml
[0.450s] -- Installing: /home/boz/MEng-project-9-2023/simulation/urdf2/install/movement/share/movement/config/moveit.rviz
[0.450s] -- Installing: /home/boz/MEng-project-9-2023/simulation/urdf2/install/movement/share/movement/config/final.ros2_control.xacro
[0.450s] -- Installing: /home/boz/MEng-project-9-2023/simulation/urdf2/install/movement/share/movement/config/initial_positions.yaml
[0.450s] -- Installing: /home/boz/MEng-project-9-2023/simulation/urdf2/install/movement/share/movement/config/install
[0.450s] -- Installing: /home/boz/MEng-project-9-2023/simulation/urdf2/install/movement/share/movement/config/install/local_setup.ps1
[0.451s] -- Installing: /home/boz/MEng-project-9-2023/simulation/urdf2/install/movement/share/movement/config/install/setup.ps1
[0.451s] -- Installing: /home/boz/MEng-project-9-2023/simulation/urdf2/install/movement/share/movement/config/install/local_setup.zsh
[0.451s] -- Installing: /home/boz/MEng-project-9-2023/simulation/urdf2/install/movement/share/movement/config/install/COLCON_IGNORE
[0.451s] -- Installing: /home/boz/MEng-project-9-2023/simulation/urdf2/install/movement/share/movement/config/install/local_setup.bash
[0.451s] -- Installing: /home/boz/MEng-project-9-2023/simulation/urdf2/install/movement/share/movement/config/install/_local_setup_util_ps1.py
[0.451s] -- Installing: /home/boz/MEng-project-9-2023/simulation/urdf2/install/movement/share/movement/config/install/local_setup.sh
[0.451s] -- Installing: /home/boz/MEng-project-9-2023/simulation/urdf2/install/movement/share/movement/config/install/setup.bash
[0.451s] -- Installing: /home/boz/MEng-project-9-2023/simulation/urdf2/install/movement/share/movement/config/install/.colcon_install_layout
[0.451s] -- Installing: /home/boz/MEng-project-9-2023/simulation/urdf2/install/movement/share/movement/config/install/setup.sh
[0.451s] -- Installing: /home/boz/MEng-project-9-2023/simulation/urdf2/install/movement/share/movement/config/install/setup.zsh
[0.451s] -- Installing: /home/boz/MEng-project-9-2023/simulation/urdf2/install/movement/share/movement/config/install/_local_setup_util_sh.py
[0.451s] -- Installing: /home/boz/MEng-project-9-2023/simulation/urdf2/install/movement/share/movement/config/moveit_controllers.yaml
[0.451s] -- Installing: /home/boz/MEng-project-9-2023/simulation/urdf2/install/movement/share/movement/config/pilz_cartesian_limits.yaml
[0.451s] -- Installing: /home/boz/MEng-project-9-2023/simulation/urdf2/install/movement/share/movement/config/ros2_controllers.yaml
[0.451s] -- Installing: /home/boz/MEng-project-9-2023/simulation/urdf2/install/movement/share/movement/.setup_assistant
[0.452s] Invoked command in '/home/boz/MEng-project-9-2023/simulation/urdf2/build/movement' returned '0': AMENT_PREFIX_PATH=/home/boz/MEng-project-9-2023/simulation/urdf2/install/final_description:${AMENT_PREFIX_PATH} CMAKE_PREFIX_PATH=/opt/ros/humble PYTHONPATH=/home/boz/MEng-project-9-2023/simulation/urdf2/install/final_description/lib/python3.10/site-packages:${PYTHONPATH} /usr/bin/cmake --install /home/boz/MEng-project-9-2023/simulation/urdf2/build/movement
