[0.006s] Invoking command in '/home/boz/MEng-project-9-2023/simulation/urdf2/build/final_description': CMAKE_PREFIX_PATH=${CMAKE_PREFIX_PATH}:/home/boz/MEng-project-9-2023/simulation/urdf2/install/final_description:/opt/ros/humble /usr/bin/cmake /home/boz/MEng-project-9-2023/simulation/urdf2/final_description -DCMAKE_INSTALL_PREFIX=/home/boz/MEng-project-9-2023/simulation/urdf2/install/final_description
[0.014s] -- Found ament_cmake: 1.3.8 (/opt/ros/humble/share/ament_cmake/cmake)
[0.139s] -- Configuring done
[0.141s] -- Generating done
[0.141s] -- Build files have been written to: /home/boz/MEng-project-9-2023/simulation/urdf2/build/final_description
[0.144s] Invoked command in '/home/boz/MEng-project-9-2023/simulation/urdf2/build/final_description' returned '0': CMAKE_PREFIX_PATH=${CMAKE_PREFIX_PATH}:/home/boz/MEng-project-9-2023/simulation/urdf2/install/final_description:/opt/ros/humble /usr/bin/cmake /home/boz/MEng-project-9-2023/simulation/urdf2/final_description -DCMAKE_INSTALL_PREFIX=/home/boz/MEng-project-9-2023/simulation/urdf2/install/final_description
[0.144s] Invoking command in '/home/boz/MEng-project-9-2023/simulation/urdf2/build/final_description': CMAKE_PREFIX_PATH=${CMAKE_PREFIX_PATH}:/home/boz/MEng-project-9-2023/simulation/urdf2/install/final_description:/opt/ros/humble /usr/bin/cmake --build /home/boz/MEng-project-9-2023/simulation/urdf2/build/final_description -- -j32 -l32
[0.168s] Invoked command in '/home/boz/MEng-project-9-2023/simulation/urdf2/build/final_description' returned '0': CMAKE_PREFIX_PATH=${CMAKE_PREFIX_PATH}:/home/boz/MEng-project-9-2023/simulation/urdf2/install/final_description:/opt/ros/humble /usr/bin/cmake --build /home/boz/MEng-project-9-2023/simulation/urdf2/build/final_description -- -j32 -l32
[0.198s] Invoking command in '/home/boz/MEng-project-9-2023/simulation/urdf2/build/final_description': CMAKE_PREFIX_PATH=${CMAKE_PREFIX_PATH}:/home/boz/MEng-project-9-2023/simulation/urdf2/install/final_description:/opt/ros/humble /usr/bin/cmake --install /home/boz/MEng-project-9-2023/simulation/urdf2/build/final_description
[0.205s] -- Install configuration: ""
[0.205s] -- Up-to-date: /home/boz/MEng-project-9-2023/simulation/urdf2/install/final_description/share/final_description/urdf
[0.205s] -- Up-to-date: /home/boz/MEng-project-9-2023/simulation/urdf2/install/final_description/share/final_description/urdf/final.urdf.xacro
[0.205s] -- Up-to-date: /home/boz/MEng-project-9-2023/simulation/urdf2/install/final_description/share/final_description/urdf/final.trans
[0.205s] -- Up-to-date: /home/boz/MEng-project-9-2023/simulation/urdf2/install/final_description/share/final_description/urdf/final.gazebo
[0.205s] -- Up-to-date: /home/boz/MEng-project-9-2023/simulation/urdf2/install/final_description/share/final_description/urdf/materials.xacro
[0.205s] -- Up-to-date: /home/boz/MEng-project-9-2023/simulation/urdf2/install/final_description/share/final_description/urdf/example_gazebo.xacro
[0.205s] -- Up-to-date: /home/boz/MEng-project-9-2023/simulation/urdf2/install/final_description/share/final_description/urdf/example_include.xacro
[0.205s] -- Up-to-date: /home/boz/MEng-project-9-2023/simulation/urdf2/install/final_description/share/final_description/launch
[0.206s] -- Up-to-date: /home/boz/MEng-project-9-2023/simulation/urdf2/install/final_description/share/final_description/launch/gazebo.launch.py
[0.206s] -- Up-to-date: /home/boz/MEng-project-9-2023/simulation/urdf2/install/final_description/share/final_description/launch/display.launch.py
[0.206s] -- Up-to-date: /home/boz/MEng-project-9-2023/simulation/urdf2/install/final_description/share/final_description/worlds
[0.206s] -- Up-to-date: /home/boz/MEng-project-9-2023/simulation/urdf2/install/final_description/share/final_description/worlds/test_world.world
[0.206s] -- Installing: /home/boz/MEng-project-9-2023/simulation/urdf2/install/final_description/share/final_description/worlds/meshes
[0.206s] -- Installing: /home/boz/MEng-project-9-2023/simulation/urdf2/install/final_description/share/final_description/worlds/meshes/test_rig_v3.obj
[0.207s] -- Installing: /home/boz/MEng-project-9-2023/simulation/urdf2/install/final_description/share/final_description/worlds/meshes/test_rig_flange.dae
[0.208s] -- Installing: /home/boz/MEng-project-9-2023/simulation/urdf2/install/final_description/share/final_description/worlds/meshes/vertical.dae
[0.213s] -- Up-to-date: /home/boz/MEng-project-9-2023/simulation/urdf2/install/final_description/share/final_description/meshes
[0.213s] -- Up-to-date: /home/boz/MEng-project-9-2023/simulation/urdf2/install/final_description/share/final_description/meshes/slider_2_feet_v2_1.stl
[0.213s] -- Up-to-date: /home/boz/MEng-project-9-2023/simulation/urdf2/install/final_description/share/final_description/meshes/base_link.stl
[0.213s] -- Up-to-date: /home/boz/MEng-project-9-2023/simulation/urdf2/install/final_description/share/final_description/meshes/slider_1_foot_v2__1__1.stl
[0.213s] -- Up-to-date: /home/boz/MEng-project-9-2023/simulation/urdf2/install/final_description/share/final_description/meshes/runner_plate_v1_1.stl
[0.213s] -- Up-to-date: /home/boz/MEng-project-9-2023/simulation/urdf2/install/final_description/share/final_description/meshes/slider_1_foot_v2_1.stl
[0.213s] -- Up-to-date: /home/boz/MEng-project-9-2023/simulation/urdf2/install/final_description/share/final_description/meshes/slider_2_feet_v2__1__1.stl
[0.213s] -- Up-to-date: /home/boz/MEng-project-9-2023/simulation/urdf2/install/final_description/share/final_description/config
[0.213s] -- Up-to-date: /home/boz/MEng-project-9-2023/simulation/urdf2/install/final_description/share/final_description/config/display.rviz
[0.213s] -- Installing: /home/boz/MEng-project-9-2023/simulation/urdf2/install/final_description/share/ament_index/resource_index/package_run_dependencies/final_description
[0.213s] -- Installing: /home/boz/MEng-project-9-2023/simulation/urdf2/install/final_description/share/ament_index/resource_index/parent_prefix_path/final_description
[0.213s] -- Installing: /home/boz/MEng-project-9-2023/simulation/urdf2/install/final_description/share/final_description/environment/ament_prefix_path.sh
[0.213s] -- Installing: /home/boz/MEng-project-9-2023/simulation/urdf2/install/final_description/share/final_description/environment/ament_prefix_path.dsv
[0.214s] -- Installing: /home/boz/MEng-project-9-2023/simulation/urdf2/install/final_description/share/final_description/environment/path.sh
[0.214s] -- Installing: /home/boz/MEng-project-9-2023/simulation/urdf2/install/final_description/share/final_description/environment/path.dsv
[0.214s] -- Installing: /home/boz/MEng-project-9-2023/simulation/urdf2/install/final_description/share/final_description/local_setup.bash
[0.214s] -- Installing: /home/boz/MEng-project-9-2023/simulation/urdf2/install/final_description/share/final_description/local_setup.sh
[0.214s] -- Installing: /home/boz/MEng-project-9-2023/simulation/urdf2/install/final_description/share/final_description/local_setup.zsh
[0.214s] -- Installing: /home/boz/MEng-project-9-2023/simulation/urdf2/install/final_description/share/final_description/local_setup.dsv
[0.214s] -- Installing: /home/boz/MEng-project-9-2023/simulation/urdf2/install/final_description/share/final_description/package.dsv
[0.214s] -- Installing: /home/boz/MEng-project-9-2023/simulation/urdf2/install/final_description/share/ament_index/resource_index/packages/final_description
[0.214s] -- Installing: /home/boz/MEng-project-9-2023/simulation/urdf2/install/final_description/share/final_description/cmake/final_descriptionConfig.cmake
[0.214s] -- Installing: /home/boz/MEng-project-9-2023/simulation/urdf2/install/final_description/share/final_description/cmake/final_descriptionConfig-version.cmake
[0.214s] -- Installing: /home/boz/MEng-project-9-2023/simulation/urdf2/install/final_description/share/final_description/package.xml
[0.216s] Invoked command in '/home/boz/MEng-project-9-2023/simulation/urdf2/build/final_description' returned '0': CMAKE_PREFIX_PATH=${CMAKE_PREFIX_PATH}:/home/boz/MEng-project-9-2023/simulation/urdf2/install/final_description:/opt/ros/humble /usr/bin/cmake --install /home/boz/MEng-project-9-2023/simulation/urdf2/build/final_description
