gmake[1]: Entering directory '/home/boz/MEng-project-9-2023/simulation/urdf2/build/movement'
gmake[1]: Leaving directory '/home/boz/MEng-project-9-2023/simulation/urdf2/build/movement'
-- Install configuration: ""
-- Up-to-date: /home/boz/MEng-project-9-2023/simulation/urdf2/install/movement/share/ament_index/resource_index/package_run_dependencies/movement
-- Up-to-date: /home/boz/MEng-project-9-2023/simulation/urdf2/install/movement/share/ament_index/resource_index/parent_prefix_path/movement
-- Up-to-date: /home/boz/MEng-project-9-2023/simulation/urdf2/install/movement/share/movement/environment/ament_prefix_path.sh
-- Up-to-date: /home/boz/MEng-project-9-2023/simulation/urdf2/install/movement/share/movement/environment/ament_prefix_path.dsv
-- Up-to-date: /home/boz/MEng-project-9-2023/simulation/urdf2/install/movement/share/movement/environment/path.sh
-- Up-to-date: /home/boz/MEng-project-9-2023/simulation/urdf2/install/movement/share/movement/environment/path.dsv
-- Up-to-date: /home/boz/MEng-project-9-2023/simulation/urdf2/install/movement/share/movement/local_setup.bash
-- Up-to-date: /home/boz/MEng-project-9-2023/simulation/urdf2/install/movement/share/movement/local_setup.sh
-- Up-to-date: /home/boz/MEng-project-9-2023/simulation/urdf2/install/movement/share/movement/local_setup.zsh
-- Up-to-date: /home/boz/MEng-project-9-2023/simulation/urdf2/install/movement/share/movement/local_setup.dsv
-- Installing: /home/boz/MEng-project-9-2023/simulation/urdf2/install/movement/share/movement/package.dsv
-- Up-to-date: /home/boz/MEng-project-9-2023/simulation/urdf2/install/movement/share/ament_index/resource_index/packages/movement
-- Up-to-date: /home/boz/MEng-project-9-2023/simulation/urdf2/install/movement/share/movement/cmake/movementConfig.cmake
-- Up-to-date: /home/boz/MEng-project-9-2023/simulation/urdf2/install/movement/share/movement/cmake/movementConfig-version.cmake
-- Up-to-date: /home/boz/MEng-project-9-2023/simulation/urdf2/install/movement/share/movement/package.xml
-- Up-to-date: /home/boz/MEng-project-9-2023/simulation/urdf2/install/movement/share/movement/launch
-- Up-to-date: /home/boz/MEng-project-9-2023/simulation/urdf2/install/movement/share/movement/launch/demo.launch.py
-- Up-to-date: /home/boz/MEng-project-9-2023/simulation/urdf2/install/movement/share/movement/launch/move_group.launch.py
-- Up-to-date: /home/boz/MEng-project-9-2023/simulation/urdf2/install/movement/share/movement/launch/moveit_rviz.launch.py
-- Up-to-date: /home/boz/MEng-project-9-2023/simulation/urdf2/install/movement/share/movement/launch/my_move.launch.py
-- Up-to-date: /home/boz/MEng-project-9-2023/simulation/urdf2/install/movement/share/movement/launch/warehouse_db.launch.py
-- Installing: /home/boz/MEng-project-9-2023/simulation/urdf2/install/movement/share/movement/launch/gazebo.launch.py
-- Up-to-date: /home/boz/MEng-project-9-2023/simulation/urdf2/install/movement/share/movement/launch/setup_assistant.launch.py
-- Up-to-date: /home/boz/MEng-project-9-2023/simulation/urdf2/install/movement/share/movement/launch/rsp.launch.py
-- Up-to-date: /home/boz/MEng-project-9-2023/simulation/urdf2/install/movement/share/movement/launch/spawn_controllers.launch.py
-- Up-to-date: /home/boz/MEng-project-9-2023/simulation/urdf2/install/movement/share/movement/launch/static_virtual_joint_tfs.launch.py
-- Up-to-date: /home/boz/MEng-project-9-2023/simulation/urdf2/install/movement/share/movement/config
-- Up-to-date: /home/boz/MEng-project-9-2023/simulation/urdf2/install/movement/share/movement/config/final.urdf.xacro
-- Up-to-date: /home/boz/MEng-project-9-2023/simulation/urdf2/install/movement/share/movement/config/final.srdf
-- Up-to-date: /home/boz/MEng-project-9-2023/simulation/urdf2/install/movement/share/movement/config/build
-- Up-to-date: /home/boz/MEng-project-9-2023/simulation/urdf2/install/movement/share/movement/config/build/.built_by
-- Up-to-date: /home/boz/MEng-project-9-2023/simulation/urdf2/install/movement/share/movement/config/build/COLCON_IGNORE
-- Up-to-date: /home/boz/MEng-project-9-2023/simulation/urdf2/install/movement/share/movement/config/sensors_3d.yaml
-- Up-to-date: /home/boz/MEng-project-9-2023/simulation/urdf2/install/movement/share/movement/config/log
-- Up-to-date: /home/boz/MEng-project-9-2023/simulation/urdf2/install/movement/share/movement/config/log/build_2024-04-22_23-04-09
-- Up-to-date: /home/boz/MEng-project-9-2023/simulation/urdf2/install/movement/share/movement/config/log/build_2024-04-22_23-04-09/events.log
-- Up-to-date: /home/boz/MEng-project-9-2023/simulation/urdf2/install/movement/share/movement/config/log/build_2024-04-22_23-04-09/logger_all.log
-- Up-to-date: /home/boz/MEng-project-9-2023/simulation/urdf2/install/movement/share/movement/config/log/COLCON_IGNORE
-- Up-to-date: /home/boz/MEng-project-9-2023/simulation/urdf2/install/movement/share/movement/config/log/latest_build
-- Up-to-date: /home/boz/MEng-project-9-2023/simulation/urdf2/install/movement/share/movement/config/log/latest
-- Up-to-date: /home/boz/MEng-project-9-2023/simulation/urdf2/install/movement/share/movement/config/joint_limits.yaml
-- Up-to-date: /home/boz/MEng-project-9-2023/simulation/urdf2/install/movement/share/movement/config/kinematics.yaml
-- Up-to-date: /home/boz/MEng-project-9-2023/simulation/urdf2/install/movement/share/movement/config/moveit.rviz
-- Up-to-date: /home/boz/MEng-project-9-2023/simulation/urdf2/install/movement/share/movement/config/final.ros2_control.xacro
-- Up-to-date: /home/boz/MEng-project-9-2023/simulation/urdf2/install/movement/share/movement/config/initial_positions.yaml
-- Up-to-date: /home/boz/MEng-project-9-2023/simulation/urdf2/install/movement/share/movement/config/install
-- Up-to-date: /home/boz/MEng-project-9-2023/simulation/urdf2/install/movement/share/movement/config/install/local_setup.ps1
-- Up-to-date: /home/boz/MEng-project-9-2023/simulation/urdf2/install/movement/share/movement/config/install/setup.ps1
-- Up-to-date: /home/boz/MEng-project-9-2023/simulation/urdf2/install/movement/share/movement/config/install/local_setup.zsh
-- Up-to-date: /home/boz/MEng-project-9-2023/simulation/urdf2/install/movement/share/movement/config/install/COLCON_IGNORE
-- Up-to-date: /home/boz/MEng-project-9-2023/simulation/urdf2/install/movement/share/movement/config/install/local_setup.bash
-- Up-to-date: /home/boz/MEng-project-9-2023/simulation/urdf2/install/movement/share/movement/config/install/_local_setup_util_ps1.py
-- Up-to-date: /home/boz/MEng-project-9-2023/simulation/urdf2/install/movement/share/movement/config/install/local_setup.sh
-- Up-to-date: /home/boz/MEng-project-9-2023/simulation/urdf2/install/movement/share/movement/config/install/setup.bash
-- Up-to-date: /home/boz/MEng-project-9-2023/simulation/urdf2/install/movement/share/movement/config/install/.colcon_install_layout
-- Up-to-date: /home/boz/MEng-project-9-2023/simulation/urdf2/install/movement/share/movement/config/install/setup.sh
-- Up-to-date: /home/boz/MEng-project-9-2023/simulation/urdf2/install/movement/share/movement/config/install/setup.zsh
-- Up-to-date: /home/boz/MEng-project-9-2023/simulation/urdf2/install/movement/share/movement/config/install/_local_setup_util_sh.py
-- Up-to-date: /home/boz/MEng-project-9-2023/simulation/urdf2/install/movement/share/movement/config/moveit_controllers.yaml
-- Up-to-date: /home/boz/MEng-project-9-2023/simulation/urdf2/install/movement/share/movement/config/pilz_cartesian_limits.yaml
-- Up-to-date: /home/boz/MEng-project-9-2023/simulation/urdf2/install/movement/share/movement/config/ros2_controllers.yaml
-- Up-to-date: /home/boz/MEng-project-9-2023/simulation/urdf2/install/movement/share/movement/examples
-- Up-to-date: /home/boz/MEng-project-9-2023/simulation/urdf2/install/movement/share/movement/examples/inchworm.cpp
-- Up-to-date: /home/boz/MEng-project-9-2023/simulation/urdf2/install/movement/share/movement/.setup_assistant
