/home/boz/MEng-project-9-2023/simulation/urdf2/install/final_description/lib/python3.10/site-packages/final_description/__init__.py
/home/boz/MEng-project-9-2023/simulation/urdf2/install/final_description/lib/python3.10/site-packages/final_description/__pycache__/__init__.cpython-310.pyc
/home/boz/MEng-project-9-2023/simulation/urdf2/install/final_description/share/ament_index/resource_index/packages/final_description
/home/boz/MEng-project-9-2023/simulation/urdf2/install/final_description/share/final_description/package.xml
/home/boz/MEng-project-9-2023/simulation/urdf2/install/final_description/share/final_description/launch/gazebo.launch.py
/home/boz/MEng-project-9-2023/simulation/urdf2/install/final_description/share/final_description/launch/display.launch.py
/home/boz/MEng-project-9-2023/simulation/urdf2/install/final_description/share/final_description/urdf/final.urdf.xacro
/home/boz/MEng-project-9-2023/simulation/urdf2/install/final_description/share/final_description/urdf/final.trans
/home/boz/MEng-project-9-2023/simulation/urdf2/install/final_description/share/final_description/urdf/final.gazebo
/home/boz/MEng-project-9-2023/simulation/urdf2/install/final_description/share/final_description/urdf/materials.xacro
/home/boz/MEng-project-9-2023/simulation/urdf2/install/final_description/share/final_description/urdf/camera.xacro
/home/boz/MEng-project-9-2023/simulation/urdf2/install/final_description/share/final_description/urdf/example_gazebo.xacro
/home/boz/MEng-project-9-2023/simulation/urdf2/install/final_description/share/final_description/urdf/example_include.xacro
/home/boz/MEng-project-9-2023/simulation/urdf2/install/final_description/share/final_description/meshes/slider_2_feet_v2_1.stl
/home/boz/MEng-project-9-2023/simulation/urdf2/install/final_description/share/final_description/meshes/base_link.stl
/home/boz/MEng-project-9-2023/simulation/urdf2/install/final_description/share/final_description/meshes/slider_1_foot_v2__1__1.stl
/home/boz/MEng-project-9-2023/simulation/urdf2/install/final_description/share/final_description/meshes/runner_plate_v1_1.stl
/home/boz/MEng-project-9-2023/simulation/urdf2/install/final_description/share/final_description/meshes/slider_1_foot_v2_1.stl
/home/boz/MEng-project-9-2023/simulation/urdf2/install/final_description/share/final_description/meshes/slider_2_feet_v2__1__1.stl
/home/boz/MEng-project-9-2023/simulation/urdf2/install/final_description/share/final_description/config/display.rviz
/home/boz/MEng-project-9-2023/simulation/urdf2/install/final_description/share/final_description/worlds/test_rig_v3.obj
/home/boz/MEng-project-9-2023/simulation/urdf2/install/final_description/share/final_description/worlds/horizontal.stl
/home/boz/MEng-project-9-2023/simulation/urdf2/install/final_description/share/final_description/worlds/test_rig_flange.dae
/home/boz/MEng-project-9-2023/simulation/urdf2/install/final_description/share/final_description/worlds/test_world.world
/home/boz/MEng-project-9-2023/simulation/urdf2/install/final_description/share/final_description/worlds/vertical.stl
/home/boz/MEng-project-9-2023/simulation/urdf2/install/final_description/lib/python3.10/site-packages/final_description-0.0.0-py3.10.egg-info/PKG-INFO
/home/boz/MEng-project-9-2023/simulation/urdf2/install/final_description/lib/python3.10/site-packages/final_description-0.0.0-py3.10.egg-info/dependency_links.txt
/home/boz/MEng-project-9-2023/simulation/urdf2/install/final_description/lib/python3.10/site-packages/final_description-0.0.0-py3.10.egg-info/top_level.txt
/home/boz/MEng-project-9-2023/simulation/urdf2/install/final_description/lib/python3.10/site-packages/final_description-0.0.0-py3.10.egg-info/SOURCES.txt
/home/boz/MEng-project-9-2023/simulation/urdf2/install/final_description/lib/python3.10/site-packages/final_description-0.0.0-py3.10.egg-info/requires.txt
/home/boz/MEng-project-9-2023/simulation/urdf2/install/final_description/lib/python3.10/site-packages/final_description-0.0.0-py3.10.egg-info/zip-safe
/home/boz/MEng-project-9-2023/simulation/urdf2/install/final_description/lib/python3.10/site-packages/final_description-0.0.0-py3.10.egg-info/entry_points.txt
