running egg_info
creating ../build/final_description/final_description.egg-info
writing ../build/final_description/final_description.egg-info/PKG-INFO
writing dependency_links to ../build/final_description/final_description.egg-info/dependency_links.txt
writing entry points to ../build/final_description/final_description.egg-info/entry_points.txt
writing requirements to ../build/final_description/final_description.egg-info/requires.txt
writing top-level names to ../build/final_description/final_description.egg-info/top_level.txt
writing manifest file '../build/final_description/final_description.egg-info/SOURCES.txt'
reading manifest file '../build/final_description/final_description.egg-info/SOURCES.txt'
writing manifest file '../build/final_description/final_description.egg-info/SOURCES.txt'
running build
running build_py
creating /home/boz/MEng-project-9-2023/simulation/urdf2/build/final_description/build
creating /home/boz/MEng-project-9-2023/simulation/urdf2/build/final_description/build/lib
creating /home/boz/MEng-project-9-2023/simulation/urdf2/build/final_description/build/lib/final_description
copying final_description/__init__.py -> /home/boz/MEng-project-9-2023/simulation/urdf2/build/final_description/build/lib/final_description
running install
running install_lib
creating /home/boz/MEng-project-9-2023/simulation/urdf2/install/final_description/lib/python3.10/site-packages/final_description
copying /home/boz/MEng-project-9-2023/simulation/urdf2/build/final_description/build/lib/final_description/__init__.py -> /home/boz/MEng-project-9-2023/simulation/urdf2/install/final_description/lib/python3.10/site-packages/final_description
byte-compiling /home/boz/MEng-project-9-2023/simulation/urdf2/install/final_description/lib/python3.10/site-packages/final_description/__init__.py to __init__.cpython-310.pyc
running install_data
creating /home/boz/MEng-project-9-2023/simulation/urdf2/install/final_description/share/ament_index
creating /home/boz/MEng-project-9-2023/simulation/urdf2/install/final_description/share/ament_index/resource_index
creating /home/boz/MEng-project-9-2023/simulation/urdf2/install/final_description/share/ament_index/resource_index/packages
copying resource/final_description -> /home/boz/MEng-project-9-2023/simulation/urdf2/install/final_description/share/ament_index/resource_index/packages
copying package.xml -> /home/boz/MEng-project-9-2023/simulation/urdf2/install/final_description/share/final_description
creating /home/boz/MEng-project-9-2023/simulation/urdf2/install/final_description/share/final_description/launch
copying launch/gazebo.launch.py -> /home/boz/MEng-project-9-2023/simulation/urdf2/install/final_description/share/final_description/launch
copying launch/display.launch.py -> /home/boz/MEng-project-9-2023/simulation/urdf2/install/final_description/share/final_description/launch
creating /home/boz/MEng-project-9-2023/simulation/urdf2/install/final_description/share/final_description/urdf
copying urdf/final.urdf.xacro -> /home/boz/MEng-project-9-2023/simulation/urdf2/install/final_description/share/final_description/urdf
copying urdf/final.trans -> /home/boz/MEng-project-9-2023/simulation/urdf2/install/final_description/share/final_description/urdf
copying urdf/final.gazebo -> /home/boz/MEng-project-9-2023/simulation/urdf2/install/final_description/share/final_description/urdf
copying urdf/materials.xacro -> /home/boz/MEng-project-9-2023/simulation/urdf2/install/final_description/share/final_description/urdf
copying urdf/example_gazebo.xacro -> /home/boz/MEng-project-9-2023/simulation/urdf2/install/final_description/share/final_description/urdf
copying urdf/example_include.xacro -> /home/boz/MEng-project-9-2023/simulation/urdf2/install/final_description/share/final_description/urdf
creating /home/boz/MEng-project-9-2023/simulation/urdf2/install/final_description/share/final_description/meshes
copying meshes/slider_2_feet_v2_1.stl -> /home/boz/MEng-project-9-2023/simulation/urdf2/install/final_description/share/final_description/meshes
copying meshes/base_link.stl -> /home/boz/MEng-project-9-2023/simulation/urdf2/install/final_description/share/final_description/meshes
copying meshes/slider_1_foot_v2__1__1.stl -> /home/boz/MEng-project-9-2023/simulation/urdf2/install/final_description/share/final_description/meshes
copying meshes/runner_plate_v1_1.stl -> /home/boz/MEng-project-9-2023/simulation/urdf2/install/final_description/share/final_description/meshes
copying meshes/slider_1_foot_v2_1.stl -> /home/boz/MEng-project-9-2023/simulation/urdf2/install/final_description/share/final_description/meshes
copying meshes/slider_2_feet_v2__1__1.stl -> /home/boz/MEng-project-9-2023/simulation/urdf2/install/final_description/share/final_description/meshes
creating /home/boz/MEng-project-9-2023/simulation/urdf2/install/final_description/share/final_description/config
copying config/display.rviz -> /home/boz/MEng-project-9-2023/simulation/urdf2/install/final_description/share/final_description/config
creating /home/boz/MEng-project-9-2023/simulation/urdf2/install/final_description/share/final_description/worlds
error: can't copy 'worlds/meshes': doesn't exist or not a regular file
copying worlds/test_world.world -> /home/boz/MEng-project-9-2023/simulation/urdf2/install/final_description/share/final_description/worlds
