[0.006s] Invoking command in '/home/boz/MEng-project-9-2023/simulation/urdf2/build/movement': AMENT_PREFIX_PATH=/home/boz/MEng-project-9-2023/simulation/urdf2/install/final_description:/home/boz/MEng-project-9-2023/simulation/urdf2/install/movement:/opt/ros/humble CMAKE_PREFIX_PATH=${CMAKE_PREFIX_PATH}:/home/boz/MEng-project-9-2023/simulation/urdf2/install/final_description:/opt/ros/humble /usr/bin/cmake --build /home/boz/MEng-project-9-2023/simulation/urdf2/build/movement -- -j32 -l32
[0.027s] -- Found ament_cmake: 1.3.8 (/opt/ros/humble/share/ament_cmake/cmake)
[0.171s] -- Configuring done
[0.173s] -- Generating done
[0.173s] -- Build files have been written to: /home/boz/MEng-project-9-2023/simulation/urdf2/build/movement
[0.191s] Invoked command in '/home/boz/MEng-project-9-2023/simulation/urdf2/build/movement' returned '0': AMENT_PREFIX_PATH=/home/boz/MEng-project-9-2023/simulation/urdf2/install/final_description:/home/boz/MEng-project-9-2023/simulation/urdf2/install/movement:/opt/ros/humble CMAKE_PREFIX_PATH=${CMAKE_PREFIX_PATH}:/home/boz/MEng-project-9-2023/simulation/urdf2/install/final_description:/opt/ros/humble /usr/bin/cmake --build /home/boz/MEng-project-9-2023/simulation/urdf2/build/movement -- -j32 -l32
[0.219s] Invoking command in '/home/boz/MEng-project-9-2023/simulation/urdf2/build/movement': AMENT_PREFIX_PATH=/home/boz/MEng-project-9-2023/simulation/urdf2/install/final_description:/home/boz/MEng-project-9-2023/simulation/urdf2/install/movement:/opt/ros/humble CMAKE_PREFIX_PATH=${CMAKE_PREFIX_PATH}:/home/boz/MEng-project-9-2023/simulation/urdf2/install/final_description:/opt/ros/humble /usr/bin/cmake --install /home/boz/MEng-project-9-2023/simulation/urdf2/build/movement
[0.227s] -- Install configuration: ""
[0.227s] -- Up-to-date: /home/boz/MEng-project-9-2023/simulation/urdf2/install/movement/share/ament_index/resource_index/package_run_dependencies/movement
[0.227s] -- Up-to-date: /home/boz/MEng-project-9-2023/simulation/urdf2/install/movement/share/ament_index/resource_index/parent_prefix_path/movement
[0.228s] -- Up-to-date: /home/boz/MEng-project-9-2023/simulation/urdf2/install/movement/share/movement/environment/ament_prefix_path.sh
[0.228s] -- Installing: /home/boz/MEng-project-9-2023/simulation/urdf2/install/movement/share/movement/environment/ament_prefix_path.dsv
[0.228s] -- Up-to-date: /home/boz/MEng-project-9-2023/simulation/urdf2/install/movement/share/movement/environment/path.sh
[0.228s] -- Installing: /home/boz/MEng-project-9-2023/simulation/urdf2/install/movement/share/movement/environment/path.dsv
[0.228s] -- Up-to-date: /home/boz/MEng-project-9-2023/simulation/urdf2/install/movement/share/movement/local_setup.bash
[0.228s] -- Up-to-date: /home/boz/MEng-project-9-2023/simulation/urdf2/install/movement/share/movement/local_setup.sh
[0.228s] -- Up-to-date: /home/boz/MEng-project-9-2023/simulation/urdf2/install/movement/share/movement/local_setup.zsh
[0.228s] -- Installing: /home/boz/MEng-project-9-2023/simulation/urdf2/install/movement/share/movement/local_setup.dsv
[0.228s] -- Installing: /home/boz/MEng-project-9-2023/simulation/urdf2/install/movement/share/movement/package.dsv
[0.228s] -- Up-to-date: /home/boz/MEng-project-9-2023/simulation/urdf2/install/movement/share/ament_index/resource_index/packages/movement
[0.229s] -- Up-to-date: /home/boz/MEng-project-9-2023/simulation/urdf2/install/movement/share/movement/cmake/movementConfig.cmake
[0.229s] -- Up-to-date: /home/boz/MEng-project-9-2023/simulation/urdf2/install/movement/share/movement/cmake/movementConfig-version.cmake
[0.229s] -- Up-to-date: /home/boz/MEng-project-9-2023/simulation/urdf2/install/movement/share/movement/package.xml
[0.229s] -- Up-to-date: /home/boz/MEng-project-9-2023/simulation/urdf2/install/movement/share/movement/launch
[0.229s] -- Up-to-date: /home/boz/MEng-project-9-2023/simulation/urdf2/install/movement/share/movement/launch/demo.launch.py
[0.229s] -- Up-to-date: /home/boz/MEng-project-9-2023/simulation/urdf2/install/movement/share/movement/launch/move_group.launch.py
[0.229s] -- Up-to-date: /home/boz/MEng-project-9-2023/simulation/urdf2/install/movement/share/movement/launch/moveit_rviz.launch.py
[0.229s] -- Up-to-date: /home/boz/MEng-project-9-2023/simulation/urdf2/install/movement/share/movement/launch/warehouse_db.launch.py
[0.230s] -- Up-to-date: /home/boz/MEng-project-9-2023/simulation/urdf2/install/movement/share/movement/launch/gazebo.launch.py
[0.230s] -- Up-to-date: /home/boz/MEng-project-9-2023/simulation/urdf2/install/movement/share/movement/launch/setup_assistant.launch.py
[0.230s] -- Up-to-date: /home/boz/MEng-project-9-2023/simulation/urdf2/install/movement/share/movement/launch/rsp.launch.py
[0.230s] -- Up-to-date: /home/boz/MEng-project-9-2023/simulation/urdf2/install/movement/share/movement/launch/spawn_controllers.launch.py
[0.230s] -- Up-to-date: /home/boz/MEng-project-9-2023/simulation/urdf2/install/movement/share/movement/launch/static_virtual_joint_tfs.launch.py
[0.230s] [31mCMake Error at cmake_install.cmake:105 (file):
[0.230s]   file INSTALL cannot find
[0.230s]   "/home/boz/MEng-project-9-2023/simulation/urdf2/movement/worlds": No such
[0.230s]   file or directory.
[0.230s] 
[0.230s] [0m
[0.231s] Invoked command in '/home/boz/MEng-project-9-2023/simulation/urdf2/build/movement' returned '1': AMENT_PREFIX_PATH=/home/boz/MEng-project-9-2023/simulation/urdf2/install/final_description:/home/boz/MEng-project-9-2023/simulation/urdf2/install/movement:/opt/ros/humble CMAKE_PREFIX_PATH=${CMAKE_PREFIX_PATH}:/home/boz/MEng-project-9-2023/simulation/urdf2/install/final_description:/opt/ros/humble /usr/bin/cmake --install /home/boz/MEng-project-9-2023/simulation/urdf2/build/movement
